-------------------------------------------------------------------------------
>Log Session: Friday, October 14, 2022 at 1:32:21 PM India Standard Time
>System Info: 
  Product Version         = Apache NetBeans IDE 15
  Operating System        = Linux version 5.15.0-50-generic running on amd64
  Java; VM; Vendor        = 11.0.16; OpenJDK 64-Bit Server VM 11.0.16+8-post-Ubuntu-0ubuntu120.04; Ubuntu
  Runtime                 = OpenJDK Runtime Environment 11.0.16+8-post-Ubuntu-0ubuntu120.04
  Java Home               = /usr/lib/jvm/java-11-openjdk-amd64
  System Locale; Encoding = en_IN (nb); UTF-8
  Home Directory          = /home/itlab
  Current Directory       = /home/itlab
  User Directory          = /home/itlab/snap/netbeans/69
  Cache Directory         = /home/itlab/snap/netbeans/common/69
  Installation            = /snap/netbeans/69/netbeans/nb
                            /snap/netbeans/69/netbeans/ergonomics
                            /snap/netbeans/69/netbeans/ide
                            /snap/netbeans/69/netbeans/extide
                            /snap/netbeans/69/netbeans/java
                            /snap/netbeans/69/netbeans/apisupport
                            /snap/netbeans/69/netbeans/webcommon
                            /snap/netbeans/69/netbeans/websvccommon
                            /snap/netbeans/69/netbeans/enterprise
                            /snap/netbeans/69/netbeans/profiler
                            /snap/netbeans/69/netbeans/php
                            /snap/netbeans/69/netbeans/harness
                            /snap/netbeans/69/netbeans/cpplite
                            /snap/netbeans/69/netbeans/groovy
                            /snap/netbeans/69/netbeans/javafx
                            /snap/netbeans/69/netbeans/platform
  Boot & Ext. Classpath   = 
  Application Classpath   = /snap/netbeans/69/netbeans/platform/lib/boot.jar:/snap/netbeans/69/netbeans/platform/lib/org-openide-modules.jar:/snap/netbeans/69/netbeans/platform/lib/org-openide-util.jar:/snap/netbeans/69/netbeans/platform/lib/org-openide-util-lookup.jar:/snap/netbeans/69/netbeans/platform/lib/org-openide-util-ui.jar
  Startup Classpath       = /snap/netbeans/69/netbeans/platform/core/asm-9.3.jar:/snap/netbeans/69/netbeans/platform/core/asm-commons-9.3.jar:/snap/netbeans/69/netbeans/platform/core/asm-tree-9.3.jar:/snap/netbeans/69/netbeans/platform/core/core-base.jar:/snap/netbeans/69/netbeans/platform/core/core.jar:/snap/netbeans/69/netbeans/platform/core/org-netbeans-libs-asm.jar:/snap/netbeans/69/netbeans/platform/core/org-openide-filesystems-compat8.jar:/snap/netbeans/69/netbeans/platform/core/org-openide-filesystems.jar:/snap/netbeans/69/netbeans/nb/core/org-netbeans-upgrader.jar:/snap/netbeans/69/netbeans/nb/core/locale/core_nb.jar
-------------------------------------------------------------------------------
INFO [org.netbeans.modules.netbinox]: Install area set to file:/snap/netbeans/69/netbeans/
WARNING [org.netbeans.core.modules]: the modules [org.netbeans.modules.java.editor.lib, org.netbeans.modules.web.core.syntax, org.netbeans.modules.xml.text] use org.netbeans.modules.editor.deprecated.pre65formatting which is deprecated.
WARNING [org.netbeans.core.modules]: the modules [org.netbeans.modules.ide.kit, org.netbeans.modules.xml.text] use org.netbeans.modules.editor.structure which is deprecated.
WARNING [org.netbeans.core.modules]: the modules [org.netbeans.modules.ant.hints, org.netbeans.modules.java.hints, org.netbeans.modules.jshell.support, org.netbeans.modules.maven.hints, org.netbeans.modules.maven.j2ee, org.netbeans.modules.web.beans] use org.netbeans.modules.java.hints.legacy.spi which is deprecated: Use Java Hints SPI (org.netbeans.spi.java.hints) instead.
INFO [org.netbeans.core.startup.NbEvents]: Turning on modules:
	slf4j.jdk14 [1.7.28 1.7.28]
	slf4j.api [1.7.28 1.7.28]
	org.openide.util.lookup [8.51 15-387759c96ce1b891ec45ffaf524a53499455fe1a]
	org.openide.util [9.25 15-387759c96ce1b891ec45ffaf524a53499455fe1a]
	org.openide.util.ui [9.25 15-387759c96ce1b891ec45ffaf524a53499455fe1a]
	org.openide.modules [7.65 15-387759c96ce1b891ec45ffaf524a53499455fe1a]
	org.netbeans.api.annotations.common/1 [1.45 15-387759c96ce1b891ec45ffaf524a53499455fe1a]
	org.openide.filesystems [9.29 15-387759c96ce1b891ec45ffaf524a53499455fe1a]
	org.openide.awt [7.85 15-387759c96ce1b891ec45ffaf524a53499455fe1a]
	org.netbeans.api.progress/1 [1.65 15-387759c96ce1b891ec45ffaf524a53499455fe1a]
	org.netbeans.api.progress.nb [1.65 15-387759c96ce1b891ec45ffaf524a53499455fe1a]
	org.openide.dialogs [7.63 15-387759c96ce1b891ec45ffaf524a53499455fe1a]
	org.openide.nodes [7.62 15-387759c96ce1b891ec45ffaf524a53499455fe1a]
	org.openide.windows [6.94 15-387759c96ce1b891ec45ffaf524a53499455fe1a]
	org.netbeans.libs.batik.read [1.10.0.1 1 15-387759c96ce1b891ec45ffaf524a53499455fe1a]
	org.openide.util.ui.svg [1.11 15-387759c96ce1b891ec45ffaf524a53499455fe1a]
	org.netbeans.modules.editor.mimelookup/1 [1.57 15-387759c96ce1b891ec45ffaf524a53499455fe1a]
	org.openide.text [6.85 15-387759c96ce1b891ec45ffaf524a53499455fe1a]
	org.netbeans.api.scripting [1.14 15-387759c96ce1b891ec45ffaf524a53499455fe1a]
	org.netbeans.swing.tabcontrol [1.74 15-387759c96ce1b891ec45ffaf524a53499455fe1a]
	org.netbeans.swing.outline [1.51 15-387759c96ce1b891ec45ffaf524a53499455fe1a]
	org.openide.explorer [6.79 15-387759c96ce1b891ec45ffaf524a53499455fe1a]
	org.openide.actions [6.56 15-387759c96ce1b891ec45ffaf524a53499455fe1a]
	org.netbeans.modules.queries/1 [1.60 15-387759c96ce1b891ec45ffaf524a53499455fe1a]
	org.netbeans.api.templates [1.25 15-387759c96ce1b891ec45ffaf524a53499455fe1a]
	org.openide.filesystems.nb [9.27 15-387759c96ce1b891ec45ffaf524a53499455fe1a]
	org.openide.loaders [7.87 15-387759c96ce1b891ec45ffaf524a53499455fe1a]
	org.netbeans.api.intent [1.19 15-387759c96ce1b891ec45ffaf524a53499455fe1a]
	org.netbeans.api.io [1.20 15-387759c96ce1b891ec45ffaf524a53499455fe1a]
	org.openide.io [1.66 15-387759c96ce1b891ec45ffaf524a53499455fe1a]
	org.openide.filesystems.compat8 [9.26 15-387759c96ce1b891ec45ffaf524a53499455fe1a]
	org.openide.execution [9.20 15-387759c96ce1b891ec45ffaf524a53499455fe1a]
	org.openide.execution.compat8 [9.19 15-387759c96ce1b891ec45ffaf524a53499455fe1a]
	org.netbeans.upgrader [4.52 15-387759c96ce1b891ec45ffaf524a53499455fe1a]
	org.netbeans.swing.plaf [1.59 15-387759c96ce1b891ec45ffaf524a53499455fe1a]
	org.netbeans.modules.keyring [1.41 15-387759c96ce1b891ec45ffaf524a53499455fe1a]
	org.netbeans.libs.asm [5.20 15-387759c96ce1b891ec45ffaf524a53499455fe1a]
	org.netbeans.bootstrap/1 [2.95 15-387759c96ce1b891ec45ffaf524a53499455fe1a]
	org.netbeans.core.startup.base [1.79.0.1 1 15-387759c96ce1b891ec45ffaf524a53499455fe1a]
	org.netbeans.core.startup/1 [1.79.0.1 15-387759c96ce1b891ec45ffaf524a53499455fe1a]
	org.netbeans.modules.sampler [1.31 15-387759c96ce1b891ec45ffaf524a53499455fe1a]
	org.netbeans.core/2 [3.68 15-387759c96ce1b891ec45ffaf524a53499455fe1a]
	org.netbeans.spi.quicksearch [1.44 15-387759c96ce1b891ec45ffaf524a53499455fe1a]
	org.netbeans.modules.options.api/1 [1.62 15-387759c96ce1b891ec45ffaf524a53499455fe1a]
	org.netbeans.libs.flatlaf/1 [1.11 15-387759c96ce1b891ec45ffaf524a53499455fe1a]
	org.netbeans.swing.laf.flatlaf [1.10 15-387759c96ce1b891ec45ffaf524a53499455fe1a]
	org.netbeans.swing.laf.dark/1 [2.12.0.2 2 15-387759c96ce1b891ec45ffaf524a53499455fe1a]
	org.netbeans.modules.projectapi/1 [1.87 15-387759c96ce1b891ec45ffaf524a53499455fe1a]
	org.netbeans.swing.dirchooser [1.46 15-387759c96ce1b891ec45ffaf524a53499455fe1a]
	org.netbeans.spi.viewmodel/2 [1.68 15-387759c96ce1b891ec45ffaf524a53499455fe1a]
	org.netbeans.spi.tasklist/1 [1.52.0.1 1 15-387759c96ce1b891ec45ffaf524a53499455fe1a]
	org.netbeans.spi.palette/1 [1.63 15-387759c96ce1b891ec45ffaf524a53499455fe1a]
	org.netbeans.spi.navigator/1 [1.55 15-387759c96ce1b891ec45ffaf524a53499455fe1a]
	org.netbeans.modules.editor.util/1 [1.82 15-387759c96ce1b891ec45ffaf524a53499455fe1a]
	org.netbeans.modules.editor.settings.lib [1.68.0.1 1 15-387759c96ce1b891ec45ffaf524a53499455fe1a]
	org.netbeans.modules.editor.settings/1 [1.74 15-387759c96ce1b891ec45ffaf524a53499455fe1a]
	org.netbeans.modules.lexer/2 [1.80.0.1 1 15-387759c96ce1b891ec45ffaf524a53499455fe1a]
	org.netbeans.modules.editor.fold/1 [1.62 15-387759c96ce1b891ec45ffaf524a53499455fe1a]
	org.netbeans.modules.editor.document [1.26.0.3 3 15-387759c96ce1b891ec45ffaf524a53499455fe1a]
	org.netbeans.modules.editor.lib2/1 [2.37.0.55.3 55 15-387759c96ce1b891ec45ffaf524a53499455fe1a]
	org.netbeans.modules.editor.guards/1 [1.50 15-387759c96ce1b891ec45ffaf524a53499455fe1a]
	org.netbeans.api.lsp/1 [1.11 15-387759c96ce1b891ec45ffaf524a53499455fe1a]
	org.netbeans.modules.editor.indent/2 [1.60 15-387759c96ce1b891ec45ffaf524a53499455fe1a]
	org.netbeans.modules.editor.lib/3 [4.24.0.23.3.55 23 15-387759c96ce1b891ec45ffaf524a53499455fe1a]
	org.netbeans.modules.options.keymap [1.54 15-387759c96ce1b891ec45ffaf524a53499455fe1a]
	org.netbeans.modules.editor.settings.storage/1 [1.69.0.1 15-387759c96ce1b891ec45ffaf524a53499455fe1a]
	org.netbeans.modules.editor.fold.nbui [1.29.0.55 15-387759c96ce1b891ec45ffaf524a53499455fe1a]
	org.netbeans.modules.editor/3 [1.104.0.6.3.23.55 6 15-387759c96ce1b891ec45ffaf524a53499455fe1a]
	org.netbeans.libs.javacapi [8.39.0.3 3 15-387759c96ce1b891ec45ffaf524a53499455fe1a]
	org.netbeans.lib.nbjavac [1.33.0.4.3 4 15-387759c96ce1b891ec45ffaf524a53499455fe1a]
	org.netbeans.modules.editor.errorstripe.api/1 [2.49.0.1 1 15-387759c96ce1b891ec45ffaf524a53499455fe1a]
	org.netbeans.api.java.classpath/1 [1.71 15-387759c96ce1b891ec45ffaf524a53499455fe1a]
	org.netbeans.api.java/1 [1.83 15-387759c96ce1b891ec45ffaf524a53499455fe1a]
	org.netbeans.modules.java.platform/1 [1.59 15-387759c96ce1b891ec45ffaf524a53499455fe1a]
	org.netbeans.modules.options.editor/1 [1.77 15-387759c96ce1b891ec45ffaf524a53499455fe1a]
	org.netbeans.modules.editor.errorstripe/2 [2.51.0.1.1 1 15-387759c96ce1b891ec45ffaf524a53499455fe1a]
	org.netbeans.modules.diff/1 [1.68.0.42.1 42 15-387759c96ce1b891ec45ffaf524a53499455fe1a]
	org.netbeans.libs.lucene/3 [3.36 15-387759c96ce1b891ec45ffaf524a53499455fe1a]
	org.netbeans.modules.masterfs/2 [2.72.0.2 2 15-387759c96ce1b891ec45ffaf524a53499455fe1a]
	org.netbeans.modules.parsing.lucene/2 [2.53.0.1 1 15-387759c96ce1b891ec45ffaf524a53499455fe1a]
	org.netbeans.modules.parsing.api/1 [9.24.0.8 8 15-387759c96ce1b891ec45ffaf524a53499455fe1a]
	org.netbeans.modules.projectuiapi.base/1 [1.103.0.9 9 15-387759c96ce1b891ec45ffaf524a53499455fe1a]
	org.netbeans.modules.project.indexingbridge [1.34 15-387759c96ce1b891ec45ffaf524a53499455fe1a]
	org.netbeans.modules.parsing.indexing [9.26.0.1.3.8 1 15-387759c96ce1b891ec45ffaf524a53499455fe1a]
	org.netbeans.modules.refactoring.api [1.64.0.1 1 15-387759c96ce1b891ec45ffaf524a53499455fe1a]
	org.netbeans.modules.classfile/1 [1.69 15-387759c96ce1b891ec45ffaf524a53499455fe1a]
	org.netbeans.modules.editor.indent.support [1.59 15-387759c96ce1b891ec45ffaf524a53499455fe1a]
	org.netbeans.modules.projectuiapi/1 [1.106.0.8 8 15-387759c96ce1b891ec45ffaf524a53499455fe1a]
	org.netbeans.modules.editor.indent.project/0 [1.39 15-387759c96ce1b891ec45ffaf524a53499455fe1a]
	org.netbeans.core.multiview/1 [1.61 15-387759c96ce1b891ec45ffaf524a53499455fe1a]
	org.netbeans.modules.java.lexer/1 [1.52 15-387759c96ce1b891ec45ffaf524a53499455fe1a]
	org.netbeans.modules.java.preprocessorbridge [1.66.0.1 1 15-387759c96ce1b891ec45ffaf524a53499455fe1a]
	org.netbeans.modules.java.source.base [2.57.0.6.4.3.8.1 6 15-387759c96ce1b891ec45ffaf524a53499455fe1a]
	org.netbeans.modules.autoupdate.services [1.72 15-387759c96ce1b891ec45ffaf524a53499455fe1a]
	org.netbeans.modules.autoupdate.ui [1.63 15-387759c96ce1b891ec45ffaf524a53499455fe1a]
	org.netbeans.modules.java.source [0.181.0.32.4.3.6.1 32 15-387759c96ce1b891ec45ffaf524a53499455fe1a]
	org.netbeans.modules.project.spi.intern [1.20 15-387759c96ce1b891ec45ffaf524a53499455fe1a]
	org.netbeans.modules.project.libraries/1 [1.70 15-387759c96ce1b891ec45ffaf524a53499455fe1a]
	org.apache.xml.resolver [1.48.0.12 12 15-387759c96ce1b891ec45ffaf524a53499455fe1a]
	org.netbeans.api.xml/1 [1.61 15-387759c96ce1b891ec45ffaf524a53499455fe1a]
	org.netbeans.modules.xml.catalog/2 [3.21.0.4 4 15-387759c96ce1b891ec45ffaf524a53499455fe1a]
	org.netbeans.modules.project.libraries.ui/1 [1.69 15-387759c96ce1b891ec45ffaf524a53499455fe1a]
	org.netbeans.modules.project.ant/1 [1.84 15-387759c96ce1b891ec45ffaf524a53499455fe1a]
	org.netbeans.modules.java.project/1 [1.89 15-387759c96ce1b891ec45ffaf524a53499455fe1a]
	org.netbeans.modules.settings/1 [1.66 15-387759c96ce1b891ec45ffaf524a53499455fe1a]
	org.netbeans.spi.editor.hints/0 [1.59.0.8.55 8 15-387759c96ce1b891ec45ffaf524a53499455fe1a]
	org.netbeans.modules.code.analysis/0 [1.43 15-387759c96ce1b891ec45ffaf524a53499455fe1a]
	org.netbeans.spi.java.hints [1.49.0.13.4.3.32.6.8 13 15-387759c96ce1b891ec45ffaf524a53499455fe1a]
	org.netbeans.modules.editor.tools.storage [1.25 15-387759c96ce1b891ec45ffaf524a53499455fe1a]
	org.netbeans.spi.editor.hints.projects [1.28.0.1.8 1 15-387759c96ce1b891ec45ffaf524a53499455fe1a]
	org.netbeans.api.debugger/1 [1.72 15-387759c96ce1b891ec45ffaf524a53499455fe1a]
	org.netbeans.spi.debugger.ui/1 [2.75 15-387759c96ce1b891ec45ffaf524a53499455fe1a]
	org.netbeans.api.debugger.jpda/2 [3.27 15-387759c96ce1b891ec45ffaf524a53499455fe1a]
	org.netbeans.spi.debugger.jpda.ui [3.20 15-387759c96ce1b891ec45ffaf524a53499455fe1a]
	org.netbeans.modules.xml.core/2 [1.60.0.4 4 15-387759c96ce1b891ec45ffaf524a53499455fe1a]
	org.netbeans.modules.xml.xam/1 [1.49.0.1 1 15-387759c96ce1b891ec45ffaf524a53499455fe1a]
	org.netbeans.api.xml.ui/1 [1.61 15-387759c96ce1b891ec45ffaf524a53499455fe1a]
	org.netbeans.modules.xml.retriever/1 [1.48 15-387759c96ce1b891ec45ffaf524a53499455fe1a]
	org.netbeans.modules.xml.schema.model/1 [1.49.0.1 1 15-387759c96ce1b891ec45ffaf524a53499455fe1a]
	org.netbeans.modules.xml.axi [1.50 15-387759c96ce1b891ec45ffaf524a53499455fe1a]
	org.netbeans.modules.editor.breadcrumbs/0 [1.34 15-387759c96ce1b891ec45ffaf524a53499455fe1a]
	org.netbeans.modules.editor.bracesmatching/0 [1.56.0.55 15-387759c96ce1b891ec45ffaf524a53499455fe1a]
	org.netbeans.modules.editor.deprecated.pre65formatting/0 [1.48.0.1.6.23.55 1 15-387759c96ce1b891ec45ffaf524a53499455fe1a]
	org.netbeans.modules.editor.completion/1 [1.62.0.2 2 15-387759c96ce1b891ec45ffaf524a53499455fe1a]
	org.netbeans.modules.editor.codetemplates/1 [1.61.0.1 1 15-387759c96ce1b891ec45ffaf524a53499455fe1a]
	org.netbeans.modules.editor.actions/1 [1.48.0.55 15-387759c96ce1b891ec45ffaf524a53499455fe1a]
	org.netbeans.modules.csl.types/1 [1.17 15-387759c96ce1b891ec45ffaf524a53499455fe1a]
	org.netbeans.core.ui/1 [1.62 15-387759c96ce1b891ec45ffaf524a53499455fe1a]
	org.netbeans.api.search [1.38 15-387759c96ce1b891ec45ffaf524a53499455fe1a]
	org.netbeans.modules.jumpto/1 [1.72.0.1 1 15-387759c96ce1b891ec45ffaf524a53499455fe1a]
	org.netbeans.modules.csl.api/2 [2.74.0.2.1.1.8.1 2 15-387759c96ce1b891ec45ffaf524a53499455fe1a]
	org.netbeans.modules.editor.structure/1 [1.64.0.1 1 15-387759c96ce1b891ec45ffaf524a53499455fe1a]
	org.netbeans.modules.xml.lexer [1.47 15-387759c96ce1b891ec45ffaf524a53499455fe1a]
	org.netbeans.modules.xml.text/2 [1.76.0.1 1 15-387759c96ce1b891ec45ffaf524a53499455fe1a]
	org.netbeans.modules.xml [1.50 15-387759c96ce1b891ec45ffaf524a53499455fe1a]
	org.netbeans.modules.servletapi/1 [1.56 15-387759c96ce1b891ec45ffaf524a53499455fe1a]
	org.netbeans.modules.httpserver/2 [2.53.0.42 42 15-387759c96ce1b891ec45ffaf524a53499455fe1a]
	org.netbeans.modules.xsl/1 [1.61 15-387759c96ce1b891ec45ffaf524a53499455fe1a]
	org.netbeans.modules.xml.xdm/1 [1.51.0.1 1 15-387759c96ce1b891ec45ffaf524a53499455fe1a]
	org.netbeans.modules.xml.wsdl.model/1 [1.50.0.1 1 15-387759c96ce1b891ec45ffaf524a53499455fe1a]
	org.netbeans.libs.xerces/1 [1.55.0.281 281 15-387759c96ce1b891ec45ffaf524a53499455fe1a]
	org.netbeans.modules.xml.tax/2 [1.61.0.281 15-387759c96ce1b891ec45ffaf524a53499455fe1a]
	org.netbeans.modules.xml.tools/2 [1.60 15-387759c96ce1b891ec45ffaf524a53499455fe1a]
	org.netbeans.modules.xml.tools.java [1.46 15-387759c96ce1b891ec45ffaf524a53499455fe1a]
	org.netbeans.modules.xml.schema.completion [1.48 15-387759c96ce1b891ec45ffaf524a53499455fe1a]
	org.netbeans.modules.xml.multiview/1 [1.55.0.2 2 15-387759c96ce1b891ec45ffaf524a53499455fe1a]
	org.netbeans.modules.xml.jaxb.api/1 [1.43 15-387759c96ce1b891ec45ffaf524a53499455fe1a]
	org.netbeans.modules.options.java [1.31 15-387759c96ce1b891ec45ffaf524a53499455fe1a]
	org.apache.tools.ant.module/3 [3.101.0.2 2 15-387759c96ce1b891ec45ffaf524a53499455fe1a]
	org.netbeans.modules.xml.jaxb/1 [1.47 15-387759c96ce1b891ec45ffaf524a53499455fe1a]
	org.netbeans.modules.xml.catalog.ui [2.20.0.4 15-387759c96ce1b891ec45ffaf524a53499455fe1a]
	org.netbeans.modules.libs.corba.omgapi [1.12 15-387759c96ce1b891ec45ffaf524a53499455fe1a]
	org.netbeans.modules.whitelist [1.40 15-387759c96ce1b891ec45ffaf524a53499455fe1a]
	org.netbeans.core.execution/1 [1.59 15-387759c96ce1b891ec45ffaf524a53499455fe1a]
	org.netbeans.modules.sendopts/2 [2.53 15-387759c96ce1b891ec45ffaf524a53499455fe1a]
	org.netbeans.modules.favorites/1 [1.63 15-387759c96ce1b891ec45ffaf524a53499455fe1a]
	org.netbeans.modules.projectui [1.76.0.8.9 15-387759c96ce1b891ec45ffaf524a53499455fe1a]
	org.netbeans.modules.welcome/1 [1.59 15-387759c96ce1b891ec45ffaf524a53499455fe1a]
	org.netbeans.modules.websvc.wsstackapi/0 [1.40 15-387759c96ce1b891ec45ffaf524a53499455fe1a]
	org.netbeans.modules.j2ee.metadata/0 [1.49 15-387759c96ce1b891ec45ffaf524a53499455fe1a]
	org.netbeans.modules.java.sourceui/1 [1.65.0.2.3.32.6 2 15-387759c96ce1b891ec45ffaf524a53499455fe1a]
	org.netbeans.modules.project.ant.ui/1 [1.82 15-387759c96ce1b891ec45ffaf524a53499455fe1a]
	org.netbeans.modules.java.platform.ui/1 [1.59 15-387759c96ce1b891ec45ffaf524a53499455fe1a]
	org.netbeans.modules.java.project.ui/1 [1.92 15-387759c96ce1b891ec45ffaf524a53499455fe1a]
	org.netbeans.modules.j2ee.metadata.model.support/1 [1.48 15-387759c96ce1b891ec45ffaf524a53499455fe1a]
	org.netbeans.modules.schema2beans/1 [1.64 15-387759c96ce1b891ec45ffaf524a53499455fe1a]
	org.netbeans.modules.j2ee.dd/1 [1.57.0.2 2 15-387759c96ce1b891ec45ffaf524a53499455fe1a]
	org.netbeans.modules.j2ee.dd.webservice [1.48 15-387759c96ce1b891ec45ffaf524a53499455fe1a]
	org.netbeans.modules.websvc.websvcapi [1.48 15-387759c96ce1b891ec45ffaf524a53499455fe1a]
	org.netbeans.modules.websvc.utilities/0 [1.42 15-387759c96ce1b891ec45ffaf524a53499455fe1a]
	org.netbeans.core.ide/1 [1.58 15-387759c96ce1b891ec45ffaf524a53499455fe1a]
	org.netbeans.modules.websvc.jaxwsmodelapi/1 [1.44 15-387759c96ce1b891ec45ffaf524a53499455fe1a]
	org.netbeans.modules.websvc.saas.api [1.48 15-387759c96ce1b891ec45ffaf524a53499455fe1a]
	org.netbeans.modules.websvc.saas.ui [1.45 15-387759c96ce1b891ec45ffaf524a53499455fe1a]
	org.netbeans.modules.websvc.saas.codegen [1.47 15-387759c96ce1b891ec45ffaf524a53499455fe1a]
	org.netbeans.core.windows/2 [2.102 15-387759c96ce1b891ec45ffaf524a53499455fe1a]
	org.netbeans.core.multitabs/1 [1.29.0.1 1 15-387759c96ce1b891ec45ffaf524a53499455fe1a]
	org.netbeans.modules.editor.bookmarks/1 [1.54 15-387759c96ce1b891ec45ffaf524a53499455fe1a]
	org.netbeans.modules.extexecution.base/2 [1.23 15-387759c96ce1b891ec45ffaf524a53499455fe1a]
	org.netbeans.modules.extexecution/2 [1.66 15-387759c96ce1b891ec45ffaf524a53499455fe1a]
	org.netbeans.modules.extbrowser/1 [1.70 15-387759c96ce1b891ec45ffaf524a53499455fe1a]
	org.netbeans.modules.editor.plain.lib/1 [1.50 15-387759c96ce1b891ec45ffaf524a53499455fe1a]
	org.netbeans.modules.nativeimage.api/0 [0.9 15-387759c96ce1b891ec45ffaf524a53499455fe1a]
	org.netbeans.modules.terminal [1.44 15-387759c96ce1b891ec45ffaf524a53499455fe1a]
	org.netbeans.libs.jna/2 [2.13 15-387759c96ce1b891ec45ffaf524a53499455fe1a]
	com.jcraft.jsch [0.1.72 0.1.72]
	org.netbeans.modules.dlight.nativeexecution [1.56.0.1 1 15-387759c96ce1b891ec45ffaf524a53499455fe1a]
	org.netbeans.lib.terminalemulator [1.54 15-387759c96ce1b891ec45ffaf524a53499455fe1a]
	org.netbeans.modules.terminal.nb [1.17 15-387759c96ce1b891ec45ffaf524a53499455fe1a]
	org.netbeans.modules.dlight.terminal [1.40.0.1 1 15-387759c96ce1b891ec45ffaf524a53499455fe1a]
	org.netbeans.modules.tasklist.projectint/1 [1.46 15-387759c96ce1b891ec45ffaf524a53499455fe1a]
	org.netbeans.modules.tasklist.todo/1 [1.48.0.1 1 15-387759c96ce1b891ec45ffaf524a53499455fe1a]
	org.netbeans.modules.tasklist.ui/1 [1.48.0.1.1 1 15-387759c96ce1b891ec45ffaf524a53499455fe1a]
	org.netbeans.modules.tasklist.kit [1.45 15-387759c96ce1b891ec45ffaf524a53499455fe1a]
	org.netbeans.core.multitabs.project [1.27.0.1.1 1 15-387759c96ce1b891ec45ffaf524a53499455fe1a]
	org.netbeans.modules.editor.search [1.42.0.0.55 0 15-387759c96ce1b891ec45ffaf524a53499455fe1a]
	org.netbeans.modules.languages.diff [1.50 15-387759c96ce1b891ec45ffaf524a53499455fe1a]
	org.netbeans.libs.json_simple/1 [0.29 15-387759c96ce1b891ec45ffaf524a53499455fe1a]
	org.netbeans.modules.web.common [1.116 15-387759c96ce1b891ec45ffaf524a53499455fe1a]
	org.netbeans.modules.html.lexer/1 [1.55 15-387759c96ce1b891ec45ffaf524a53499455fe1a]
	org.netbeans.modules.html.editor.lib/3 [3.49 15-387759c96ce1b891ec45ffaf524a53499455fe1a]
	org.apache.commons.logging [1.2 1.2]
	org.netbeans.modules.html.parser/1 [1.51.0.1 1 15-387759c96ce1b891ec45ffaf524a53499455fe1a]
	org.netbeans.modules.html.validation/1 [1.48 15-387759c96ce1b891ec45ffaf524a53499455fe1a]
	org.netbeans.modules.languages.manifest [1.49 15-387759c96ce1b891ec45ffaf524a53499455fe1a]
	org.netbeans.libs.antlr3.runtime [1.38.0.1 1 15-387759c96ce1b891ec45ffaf524a53499455fe1a]
	org.netbeans.modules.css.lib/1 [1.100 15-387759c96ce1b891ec45ffaf524a53499455fe1a]
	org.netbeans.modules.web.common.ui [1.18 15-387759c96ce1b891ec45ffaf524a53499455fe1a]
	org.netbeans.modules.html.indexing [1.7 15-387759c96ce1b891ec45ffaf524a53499455fe1a]
	org.netbeans.modules.web.indent [1.37 15-387759c96ce1b891ec45ffaf524a53499455fe1a]
	org.netbeans.modules.css.model [1.48 15-387759c96ce1b891ec45ffaf524a53499455fe1a]
	org.netbeans.modules.css.editor/1 [1.85 15-387759c96ce1b891ec45ffaf524a53499455fe1a]
	org.netbeans.modules.web.browser.api [1.62 15-387759c96ce1b891ec45ffaf524a53499455fe1a]
	org.netbeans.modules.html/1 [1.78 15-387759c96ce1b891ec45ffaf524a53499455fe1a]
	org.netbeans.modules.html.editor/2 [2.73 15-387759c96ce1b891ec45ffaf524a53499455fe1a]
	org.netbeans.core.output2/1 [1.59 15-387759c96ce1b891ec45ffaf524a53499455fe1a]
	org.netbeans.modules.css.visual/3 [3.49 15-387759c96ce1b891ec45ffaf524a53499455fe1a]
	org.netbeans.modules.properties/1 [1.72 15-387759c96ce1b891ec45ffaf524a53499455fe1a]
	org.netbeans.libs.snakeyaml_engine/2 [2.6 15-387759c96ce1b891ec45ffaf524a53499455fe1a]
	org.netbeans.modules.languages.yaml [2.49 15-387759c96ce1b891ec45ffaf524a53499455fe1a]
	org.netbeans.modules.editor.autosave/1 [1.8 15-387759c96ce1b891ec45ffaf524a53499455fe1a]
	org.netbeans.modules.image/1 [1.65 15-387759c96ce1b891ec45ffaf524a53499455fe1a]
	org.netbeans.modules.editor.kit [1.50 15-387759c96ce1b891ec45ffaf524a53499455fe1a]
	org.netbeans.modules.print [7.43 15-387759c96ce1b891ec45ffaf524a53499455fe1a]
	org.netbeans.modules.autoupdate.cli [1.31 15-387759c96ce1b891ec45ffaf524a53499455fe1a]
	org.netbeans.libs.osgi [1.39 15-387759c96ce1b891ec45ffaf524a53499455fe1a]
	org.netbeans.libs.felix [2.32 15-387759c96ce1b891ec45ffaf524a53499455fe1a]
	org.netbeans.modules.janitor [1.10 15-387759c96ce1b891ec45ffaf524a53499455fe1a]
	org.netbeans.modules.core.kit [1.48 15-387759c96ce1b891ec45ffaf524a53499455fe1a]
	org.netbeans.modules.defaults/1 [1.48 15-387759c96ce1b891ec45ffaf524a53499455fe1a]
	org.netbeans.modules.print.editor [7.43 15-387759c96ce1b891ec45ffaf524a53499455fe1a]
	org.netbeans.modules.utilities/1 [1.78 15-387759c96ce1b891ec45ffaf524a53499455fe1a]
	org.netbeans.modules.javahelp/1 [2.58 15-387759c96ce1b891ec45ffaf524a53499455fe1a]
	org.netbeans.modules.usersguide/1 [1.65 15-387759c96ce1b891ec45ffaf524a53499455fe1a]
	org.netbeans.modules.editor.macros/0 [1.48.0.1.23 1 15-387759c96ce1b891ec45ffaf524a53499455fe1a]
	org.netbeans.modules.editor.plain/2 [1.52 15-387759c96ce1b891ec45ffaf524a53499455fe1a]
	org.netbeans.modules.ide.kit [1.50 15-387759c96ce1b891ec45ffaf524a53499455fe1a]
	org.netbeans.modules.websvc.saas.kit [1.44 15-387759c96ce1b891ec45ffaf524a53499455fe1a]
	org.netbeans.modules.websvc.jaxws21api/1 [1.49 15-387759c96ce1b891ec45ffaf524a53499455fe1a]
	org.netbeans.modules.websvc.saas.codegen.java [1.47 15-387759c96ce1b891ec45ffaf524a53499455fe1a]
	org.netbeans.modules.j2ee.core/0 [1.42 15-387759c96ce1b891ec45ffaf524a53499455fe1a]
	org.netbeans.api.web.webmodule [1.55 15-387759c96ce1b891ec45ffaf524a53499455fe1a]
	org.netbeans.modules.j2ee.persistenceapi/1 [1.53.0.1 1 15-387759c96ce1b891ec45ffaf524a53499455fe1a]
	org.netbeans.modules.j2ee.core.utilities/0 [1.51 15-387759c96ce1b891ec45ffaf524a53499455fe1a]
	org.netbeans.modules.db.metadata.model/1 [1.28 15-387759c96ce1b891ec45ffaf524a53499455fe1a]
	org.netbeans.modules.db/1 [1.86.0.30 30 15-387759c96ce1b891ec45ffaf524a53499455fe1a]
	org.netbeans.modules.dbapi [1.51.0.30 15-387759c96ce1b891ec45ffaf524a53499455fe1a]
	org.netbeans.modules.dbschema/1 [1.58.0.4.30 4 15-387759c96ce1b891ec45ffaf524a53499455fe1a]
	org.netbeans.modules.javaee.injection [1.23 15-387759c96ce1b891ec45ffaf524a53499455fe1a]
	org.netbeans.modules.java.completion [2.2.0.2 2 15-387759c96ce1b891ec45ffaf524a53499455fe1a]
	org.netbeans.modules.java.editor.base [2.82.0.1 1 15-387759c96ce1b891ec45ffaf524a53499455fe1a]
	org.netbeans.modules.gsf.testrunner/2 [2.29 15-387759c96ce1b891ec45ffaf524a53499455fe1a]
	org.netbeans.modules.gsf.testrunner.ui [1.32.0.1 15-387759c96ce1b891ec45ffaf524a53499455fe1a]
	org.netbeans.modules.gototest/1 [1.50 15-387759c96ce1b891ec45ffaf524a53499455fe1a]
	org.netbeans.modules.refactoring.java/1 [1.78.0.1.3 1 15-387759c96ce1b891ec45ffaf524a53499455fe1a]
	org.netbeans.modules.java.editor/1 [2.85.0.12.1.1.1 12 15-387759c96ce1b891ec45ffaf524a53499455fe1a]
	org.netbeans.modules.j2ee.eclipselink/1 [1.49 15-387759c96ce1b891ec45ffaf524a53499455fe1a]
	org.netbeans.modules.j2ee.persistence [1.72.0.1 1 15-387759c96ce1b891ec45ffaf524a53499455fe1a]
	org.netbeans.modules.j2eeapis/1 [1.49 15-387759c96ce1b891ec45ffaf524a53499455fe1a]
	org.netbeans.modules.server/0 [1.50 15-387759c96ce1b891ec45ffaf524a53499455fe1a]
	org.netbeans.modules.j2eeserver/4 [1.128.0.1 1 15-387759c96ce1b891ec45ffaf524a53499455fe1a]
	org.netbeans.modules.javaee.specs.support/0 [1.42 15-387759c96ce1b891ec45ffaf524a53499455fe1a]
	org.netbeans.modules.java.api.common/0 [1.140 15-387759c96ce1b891ec45ffaf524a53499455fe1a]
	org.netbeans.modules.j2ee.api.ejbmodule [1.54 15-387759c96ce1b891ec45ffaf524a53499455fe1a]
	org.netbeans.modules.j2ee.common/1 [1.120 15-387759c96ce1b891ec45ffaf524a53499455fe1a]
	org.netbeans.libs.jaxb/1 [1.48 15-387759c96ce1b891ec45ffaf524a53499455fe1a]
	org.netbeans.modules.websvc.jaxws21/1 [1.49 15-387759c96ce1b891ec45ffaf524a53499455fe1a]
	org.netbeans.modules.websvc.jaxwsmodel/1 [1.47 15-387759c96ce1b891ec45ffaf524a53499455fe1a]
	org.netbeans.modules.websvc.jaxwsapi [1.43 15-387759c96ce1b891ec45ffaf524a53499455fe1a]
	org.netbeans.modules.websvc.restapi/0 [1.53 15-387759c96ce1b891ec45ffaf524a53499455fe1a]
	org.netbeans.modules.websvc.clientapi [1.49 15-387759c96ce1b891ec45ffaf524a53499455fe1a]
	org.netbeans.modules.servletjspapi/1 [1.47.0.25 25 15-387759c96ce1b891ec45ffaf524a53499455fe1a]
	org.netbeans.libs.glassfish_logging/1 [1.42.0.20 20 15-387759c96ce1b891ec45ffaf524a53499455fe1a]
	org.netbeans.modules.web.jspparser/3 [3.46 15-387759c96ce1b891ec45ffaf524a53499455fe1a]
	org.netbeans.modules.websvc.saas.codegen.j2ee [1.42 15-387759c96ce1b891ec45ffaf524a53499455fe1a]
	org.apache.commons.codec [1.15.0 1.15.0]
	org.netbeans.libs.jackson/2 [2.14 15-387759c96ce1b891ec45ffaf524a53499455fe1a]
	org.netbeans.modules.websvc.restlib/2 [2.25 15-387759c96ce1b891ec45ffaf524a53499455fe1a]
	org.netbeans.modules.ant.browsetask [1.57 15-387759c96ce1b891ec45ffaf524a53499455fe1a]
	org.netbeans.modules.javaee.project [1.36 15-387759c96ce1b891ec45ffaf524a53499455fe1a]
	org.netbeans.modules.gsf.codecoverage [1.49 15-387759c96ce1b891ec45ffaf524a53499455fe1a]
	org.netbeans.modules.web.clientproject.api [1.121 15-387759c96ce1b891ec45ffaf524a53499455fe1a]
	org.netbeans.libs.junit4 [1.35 15-387759c96ce1b891ec45ffaf524a53499455fe1a]
	org.netbeans.modules.junitlib [1.22 15-387759c96ce1b891ec45ffaf524a53499455fe1a]
	org.netbeans.modules.java.testrunner [1.37 15-387759c96ce1b891ec45ffaf524a53499455fe1a]
	org.netbeans.modules.junit/2 [2.91 15-387759c96ce1b891ec45ffaf524a53499455fe1a]
	org.netbeans.modules.web.project [1.91.0.1 1 15-387759c96ce1b891ec45ffaf524a53499455fe1a]
	org.netbeans.modules.websvc.projectapi/0 [1.39 15-387759c96ce1b891ec45ffaf524a53499455fe1a]
	org.netbeans.modules.websvc.core [1.61.0.1.4 1 15-387759c96ce1b891ec45ffaf524a53499455fe1a]
	org.netbeans.modules.websvc.manager [1.45 15-387759c96ce1b891ec45ffaf524a53499455fe1a]
	org.netbeans.modules.websvc.editor.hints [1.44 15-387759c96ce1b891ec45ffaf524a53499455fe1a]
	org.netbeans.modules.j2ee.eclipselinkmodelgen/1 [1.49 15-387759c96ce1b891ec45ffaf524a53499455fe1a]
	org.netbeans.modules.j2ee.jpa.refactoring [1.48 15-387759c96ce1b891ec45ffaf524a53499455fe1a]
	org.netbeans.modules.j2ee.jpa.verification [1.52 15-387759c96ce1b891ec45ffaf524a53499455fe1a]
	org.netbeans.libs.commons_compress/0 [0.23.0.181 181 15-387759c96ce1b891ec45ffaf524a53499455fe1a]
	org.netbeans.modules.db.dataview [1.50 15-387759c96ce1b891ec45ffaf524a53499455fe1a]
	org.netbeans.modules.db.core [1.54 15-387759c96ce1b891ec45ffaf524a53499455fe1a]
	org.netbeans.modules.db.sql.editor [1.54.0.30 15-387759c96ce1b891ec45ffaf524a53499455fe1a]
	org.netbeans.modules.db.drivers [1.47 15-387759c96ce1b891ec45ffaf524a53499455fe1a]
	org.netbeans.api.visual [2.65 15-387759c96ce1b891ec45ffaf524a53499455fe1a]
	org.netbeans.modules.db.sql.visualeditor/1 [2.49.0.30 15-387759c96ce1b891ec45ffaf524a53499455fe1a]
	org.netbeans.modules.db.mysql [0.45.0.2 2 15-387759c96ce1b891ec45ffaf524a53499455fe1a]
	org.netbeans.modules.derby [1.57 15-387759c96ce1b891ec45ffaf524a53499455fe1a]
	org.netbeans.modules.db.kit [1.47 15-387759c96ce1b891ec45ffaf524a53499455fe1a]
	org.netbeans.modules.ant.debugger/1 [1.54.0.2 15-387759c96ce1b891ec45ffaf524a53499455fe1a]
	org.netbeans.modules.ant.freeform/1 [1.63 15-387759c96ce1b891ec45ffaf524a53499455fe1a]
	org.netbeans.modules.projectui.buildmenu/1 [1.43.0.1 1 15-387759c96ce1b891ec45ffaf524a53499455fe1a]
	org.netbeans.modules.ant.kit [1.46 15-387759c96ce1b891ec45ffaf524a53499455fe1a]
	org.netbeans.modules.i18n/1 [1.70 15-387759c96ce1b891ec45ffaf524a53499455fe1a]
	org.netbeans.modules.debugger.jpda.ant [1.55 15-387759c96ce1b891ec45ffaf524a53499455fe1a]
	org.netbeans.modules.java.j2seproject/1 [1.104.0.48 48 15-387759c96ce1b891ec45ffaf524a53499455fe1a]
	org.netbeans.modules.javawebstart [1.50 15-387759c96ce1b891ec45ffaf524a53499455fe1a]
	org.netbeans.modules.java.freeform/1 [1.60 15-387759c96ce1b891ec45ffaf524a53499455fe1a]
	org.netbeans.modules.java.j2seembedded [1.26 15-387759c96ce1b891ec45ffaf524a53499455fe1a]
	org.netbeans.modules.java.debug [1.55.0.1.3.6 1 15-387759c96ce1b891ec45ffaf524a53499455fe1a]
	org.netbeans.modules.java.examples/1 [1.53 15-387759c96ce1b891ec45ffaf524a53499455fe1a]
	org.netbeans.modules.java.hints.ui [1.35.0.1.13 1 15-387759c96ce1b891ec45ffaf524a53499455fe1a]
	org.netbeans.modules.java.nativeimage.debugger/0 [0.7 15-387759c96ce1b891ec45ffaf524a53499455fe1a]
	org.netbeans.modules.java.navigation/1 [1.57 15-387759c96ce1b891ec45ffaf524a53499455fe1a]
	org.netbeans.modules.java.hints.legacy.spi/1 [1.33.0.1.13 1 15-387759c96ce1b891ec45ffaf524a53499455fe1a]
	org.netbeans.modules.java.hints/1 [1.100.0.17.3.12.1.1.32.6.1.1.13 17 15-387759c96ce1b891ec45ffaf524a53499455fe1a]
	org.netbeans.modules.java.hints.declarative/1 [1.37.0.1.17.1.13 1 15-387759c96ce1b891ec45ffaf524a53499455fe1a]
	org.netbeans.modules.java.j2seprofiles [1.25 15-387759c96ce1b891ec45ffaf524a53499455fe1a]
	org.netbeans.modules.java.j2sedeploy [1.29 15-387759c96ce1b891ec45ffaf524a53499455fe1a]
	org.netbeans.modules.java.j2seplatform/1 [1.60 15-387759c96ce1b891ec45ffaf524a53499455fe1a]
	org.netbeans.modules.javadoc/1 [1.72.0.2 2 15-387759c96ce1b891ec45ffaf524a53499455fe1a]
	org.netbeans.libs.graalsdk [1.17 15-387759c96ce1b891ec45ffaf524a53499455fe1a]
	org.netbeans.modules.nashorn.execution/1 [1.23 15-387759c96ce1b891ec45ffaf524a53499455fe1a]
	org.netbeans.modules.beans/1 [1.68.0.1.12 1 15-387759c96ce1b891ec45ffaf524a53499455fe1a]
	com.google.gson [2.8.9 2.8.9]
	org.netbeans.modules.java.openjdk.project/1 [1.14 15-387759c96ce1b891ec45ffaf524a53499455fe1a]
	org.netbeans.modules.java.graph/1 [1.17 15-387759c96ce1b891ec45ffaf524a53499455fe1a]
	org.netbeans.modules.java.module.graph [1.17 15-387759c96ce1b891ec45ffaf524a53499455fe1a]
	org.netbeans.modules.spellchecker.apimodule [1.42 15-387759c96ce1b891ec45ffaf524a53499455fe1a]
	org.netbeans.modules.spellchecker.bindings.java/1 [1.47 15-387759c96ce1b891ec45ffaf524a53499455fe1a]
	org.netbeans.modules.java.source.ant [1.48.0.1.6 1 15-387759c96ce1b891ec45ffaf524a53499455fe1a]
	org.netbeans.modules.projectimport.eclipse.core/1 [2.47 15-387759c96ce1b891ec45ffaf524a53499455fe1a]
	org.netbeans.modules.java.kit [1.52 15-387759c96ce1b891ec45ffaf524a53499455fe1a]
	org.netbeans.modules.j2ee.persistence.kit [1.49 15-387759c96ce1b891ec45ffaf524a53499455fe1a]
	org.netbeans.modules.web.webkit.debugging [1.70 15-387759c96ce1b891ec45ffaf524a53499455fe1a]
	org.netbeans.modules.web.inspect [0.47 15-387759c96ce1b891ec45ffaf524a53499455fe1a]
	org.netbeans.modules.web.beans/2 [2.36 15-387759c96ce1b891ec45ffaf524a53499455fe1a]
	org.netbeans.modules.javaee.resources [1.27 15-387759c96ce1b891ec45ffaf524a53499455fe1a]
	org.netbeans.modules.j2ee.ejbcore [1.68 15-387759c96ce1b891ec45ffaf524a53499455fe1a]
	org.netbeans.modules.j2ee.ddloaders/1 [1.54.0.2 15-387759c96ce1b891ec45ffaf524a53499455fe1a]
	org.netbeans.modules.websvc.jaxws.lightapi [1.39 15-387759c96ce1b891ec45ffaf524a53499455fe1a]
	org.netbeans.modules.glassfish.tooling/0 [1.24 15-387759c96ce1b891ec45ffaf524a53499455fe1a]
	org.netbeans.modules.glassfish.common/0 [1.91 15-387759c96ce1b891ec45ffaf524a53499455fe1a]
	org.netbeans.modules.j2ee.sun.dd/1 [1.50.0.1 1 15-387759c96ce1b891ec45ffaf524a53499455fe1a]
	org.netbeans.modules.glassfish.eecommon/0 [1.54.0.1.1 1 15-387759c96ce1b891ec45ffaf524a53499455fe1a]
	org.netbeans.modules.j2ee.sun.appsrv/1 [1.52.0.1 1 15-387759c96ce1b891ec45ffaf524a53499455fe1a]
	org.netbeans.modules.j2ee.sun.ddui/1 [1.53.0.1.1 1 15-387759c96ce1b891ec45ffaf524a53499455fe1a]
	org.netbeans.modules.glassfish.javaee/0 [1.58 15-387759c96ce1b891ec45ffaf524a53499455fe1a]
	org.netbeans.modules.j2ee.genericserver [1.48 15-387759c96ce1b891ec45ffaf524a53499455fe1a]
	org.netbeans.modules.javaee.api [1.37 15-387759c96ce1b891ec45ffaf524a53499455fe1a]
	org.netbeans.modules.javascript.gulp [0.30 15-387759c96ce1b891ec45ffaf524a53499455fe1a]
	org.netbeans.modules.javascript2.debug/1 [1.35 15-387759c96ce1b891ec45ffaf524a53499455fe1a]
	org.netbeans.modules.javascript2.debug.ui/1 [1.20 15-387759c96ce1b891ec45ffaf524a53499455fe1a]
	org.netbeans.modules.web.javascript.debugger [1.32 15-387759c96ce1b891ec45ffaf524a53499455fe1a]
	org.netbeans.modules.javascript2.types/1 [1.17 15-387759c96ce1b891ec45ffaf524a53499455fe1a]
	org.netbeans.libs.antlr4.runtime [1.18.0.1 1 15-387759c96ce1b891ec45ffaf524a53499455fe1a]
	org.netbeans.modules.javascript2.json [1.20 15-387759c96ce1b891ec45ffaf524a53499455fe1a]
	org.netbeans.modules.javascript2.lexer/1 [1.23 15-387759c96ce1b891ec45ffaf524a53499455fe1a]
	org.netbeans.libs.nashorn/2 [2.2 15-387759c96ce1b891ec45ffaf524a53499455fe1a]
	org.netbeans.modules.javascript2.doc/1 [1.17 15-387759c96ce1b891ec45ffaf524a53499455fe1a]
	org.netbeans.modules.javascript2.model/1 [1.22 15-387759c96ce1b891ec45ffaf524a53499455fe1a]
	org.netbeans.modules.javascript2.source.query/0 [0.16 15-387759c96ce1b891ec45ffaf524a53499455fe1a]
	org.netbeans.modules.selenium2.server [1.20 15-387759c96ce1b891ec45ffaf524a53499455fe1a]
	org.netbeans.modules.selenium2 [1.22 15-387759c96ce1b891ec45ffaf524a53499455fe1a]
	org.netbeans.modules.selenium2.webclient [1.24 15-387759c96ce1b891ec45ffaf524a53499455fe1a]
	org.netbeans.modules.web.clientproject [1.104 15-387759c96ce1b891ec45ffaf524a53499455fe1a]
	org.netbeans.modules.web.client.samples [1.31 15-387759c96ce1b891ec45ffaf524a53499455fe1a]
	org.netbeans.modules.javascript.cdnjs/0 [0.24 15-387759c96ce1b891ec45ffaf524a53499455fe1a]
	org.netbeans.modules.web.webkit.tooling [1.27 15-387759c96ce1b891ec45ffaf524a53499455fe1a]
	org.netbeans.modules.javascript.bower [0.22 15-387759c96ce1b891ec45ffaf524a53499455fe1a]
	org.netbeans.modules.javascript.karma/0 [0.33 15-387759c96ce1b891ec45ffaf524a53499455fe1a]
	org.netbeans.lib.v8debug/1 [1.33 15-387759c96ce1b891ec45ffaf524a53499455fe1a]
	org.netbeans.modules.javascript.v8debug/1 [1.27.0.1 1 15-387759c96ce1b891ec45ffaf524a53499455fe1a]
	org.netbeans.modules.javascript2.editor/1 [0.92 15-387759c96ce1b891ec45ffaf524a53499455fe1a]
	org.netbeans.modules.javascript2.nodejs/0 [0.29 15-387759c96ce1b891ec45ffaf524a53499455fe1a]
	org.netbeans.modules.javascript.nodejs/0 [0.46 15-387759c96ce1b891ec45ffaf524a53499455fe1a]
	org.netbeans.modules.netserver [1.30 15-387759c96ce1b891ec45ffaf524a53499455fe1a]
	org.netbeans.modules.extbrowser.chrome [1.27 15-387759c96ce1b891ec45ffaf524a53499455fe1a]
	org.netbeans.modules.javascript.grunt [0.31 15-387759c96ce1b891ec45ffaf524a53499455fe1a]
	org.netbeans.libs.jstestdriver [1.27 15-387759c96ce1b891ec45ffaf524a53499455fe1a]
	org.netbeans.modules.javascript.jstestdriver [0.29 15-387759c96ce1b891ec45ffaf524a53499455fe1a]
	org.netbeans.modules.web.client.kit [1.33 15-387759c96ce1b891ec45ffaf524a53499455fe1a]
	org.netbeans.modules.web.monitor/1 [1.60 15-387759c96ce1b891ec45ffaf524a53499455fe1a]
	org.netbeans.modules.java.editor.lib/1 [1.49.0.12 15-387759c96ce1b891ec45ffaf524a53499455fe1a]
	org.netbeans.modules.el.lexer/1 [1.44 15-387759c96ce1b891ec45ffaf524a53499455fe1a]
	org.netbeans.modules.jsp.lexer/1 [1.42 15-387759c96ce1b891ec45ffaf524a53499455fe1a]
	org.netbeans.modules.target.iterator/1 [1.41 15-387759c96ce1b891ec45ffaf524a53499455fe1a]
	org.netbeans.modules.web.core/2 [2.49.0.45.2 45 15-387759c96ce1b891ec45ffaf524a53499455fe1a]
	org.netbeans.libs.elimpl/1 [1.36.0.1 1 15-387759c96ce1b891ec45ffaf524a53499455fe1a]
	org.netbeans.modules.web.el [1.69 15-387759c96ce1b891ec45ffaf524a53499455fe1a]
	org.netbeans.modules.web.core.syntax/2 [2.61.0.2.12 2 15-387759c96ce1b891ec45ffaf524a53499455fe1a]
	org.netbeans.modules.web.refactoring [1.43.0.45 15-387759c96ce1b891ec45ffaf524a53499455fe1a]
	org.netbeans.modules.javaee.beanvalidation [1.36 15-387759c96ce1b891ec45ffaf524a53499455fe1a]
	org.netbeans.modules.languages.apacheconf [1.33 15-387759c96ce1b891ec45ffaf524a53499455fe1a]
	org.netbeans.modules.websvc.rest/0 [1.47 15-387759c96ce1b891ec45ffaf524a53499455fe1a]
	org.netbeans.modules.web.client.rest [1.31 15-387759c96ce1b891ec45ffaf524a53499455fe1a]
	org.netbeans.modules.j2ee.ant [1.51.0.1 15-387759c96ce1b891ec45ffaf524a53499455fe1a]
	org.netbeans.modules.websocket [1.24 15-387759c96ce1b891ec45ffaf524a53499455fe1a]
	org.netbeans.modules.debugger.jpda.projects [1.57 15-387759c96ce1b891ec45ffaf524a53499455fe1a]
	org.netbeans.modules.debugger.jpda.projectsui [1.20 15-387759c96ce1b891ec45ffaf524a53499455fe1a]
	org.netbeans.modules.debugger.jpda/2 [1.125.0.80 80 15-387759c96ce1b891ec45ffaf524a53499455fe1a]
	org.netbeans.modules.debugger.jpda.ui/1 [1.71 15-387759c96ce1b891ec45ffaf524a53499455fe1a]
	org.netbeans.modules.web.debug/1 [2.53 15-387759c96ce1b891ec45ffaf524a53499455fe1a]
	org.netbeans.modules.cloud.common [1.28 15-387759c96ce1b891ec45ffaf524a53499455fe1a]
	org.netbeans.libs.amazon/1 [1.27 15-387759c96ce1b891ec45ffaf524a53499455fe1a]
	org.netbeans.modules.cloud.amazon/0 [1.29 15-387759c96ce1b891ec45ffaf524a53499455fe1a]
	org.netbeans.modules.web.jsfapi/1 [1.51 15-387759c96ce1b891ec45ffaf524a53499455fe1a]
	org.netbeans.modules.web.freeform [1.49 15-387759c96ce1b891ec45ffaf524a53499455fe1a]
	org.netbeans.libs.jstl/1 [2.51.0.123 123 15-387759c96ce1b891ec45ffaf524a53499455fe1a]
	org.netbeans.modules.tomcat5/1 [1.59 15-387759c96ce1b891ec45ffaf524a53499455fe1a]
	org.netbeans.modules.web.kit [1.45 15-387759c96ce1b891ec45ffaf524a53499455fe1a]
	org.netbeans.modules.websvc.customization [1.43.0.2 15-387759c96ce1b891ec45ffaf524a53499455fe1a]
	org.netbeans.modules.websvc.design [1.42 15-387759c96ce1b891ec45ffaf524a53499455fe1a]
	org.netbeans.modules.websvc.owsm [1.30 15-387759c96ce1b891ec45ffaf524a53499455fe1a]
	org.netbeans.modules.websvc.metro.lib/1 [1.45 15-387759c96ce1b891ec45ffaf524a53499455fe1a]
	org.netbeans.modules.websvc.kit [1.43 15-387759c96ce1b891ec45ffaf524a53499455fe1a]
	org.netbeans.modules.websvc.restkit/0 [1.41 15-387759c96ce1b891ec45ffaf524a53499455fe1a]
	org.netbeans.libs.commons_fileupload/1 [1.43 15-387759c96ce1b891ec45ffaf524a53499455fe1a]
	org.netbeans.modules.web.struts/1 [1.50.0.1 1 15-387759c96ce1b891ec45ffaf524a53499455fe1a]
	org.netbeans.modules.web.jsf/1 [1.86.0.2 2 15-387759c96ce1b891ec45ffaf524a53499455fe1a]
	org.netbeans.modules.web.jsf.navigation/1 [2.43 15-387759c96ce1b891ec45ffaf524a53499455fe1a]
	org.netbeans.modules.web.jsf20/1 [1.50.0.1 1 15-387759c96ce1b891ec45ffaf524a53499455fe1a]
	org.netbeans.modules.web.jsf.editor [1.68 15-387759c96ce1b891ec45ffaf524a53499455fe1a]
	org.netbeans.modules.web.jsf12/1 [1.41.0.12 12 15-387759c96ce1b891ec45ffaf524a53499455fe1a]
	org.netbeans.modules.web.jsf12ri/1 [1.41.0.12 12 15-387759c96ce1b891ec45ffaf524a53499455fe1a]
	org.netbeans.modules.web.jsf.kit [1.44 15-387759c96ce1b891ec45ffaf524a53499455fe1a]
	org.netbeans.modules.web.primefaces [1.89 15-387759c96ce1b891ec45ffaf524a53499455fe1a]
	org.netbeans.modules.web.jsf.richfaces [1.45 15-387759c96ce1b891ec45ffaf524a53499455fe1a]
	org.netbeans.modules.web.jsf.icefaces [1.33 15-387759c96ce1b891ec45ffaf524a53499455fe1a]
	org.netbeans.modules.web.bootsfaces [1.88 15-387759c96ce1b891ec45ffaf524a53499455fe1a]
	org.netbeans.modules.versioning.core/1 [1.48.0.1.42 1 15-387759c96ce1b891ec45ffaf524a53499455fe1a]
	org.netbeans.modules.versioning/1 [1.64.0.1 1 15-387759c96ce1b891ec45ffaf524a53499455fe1a]
	org.netbeans.modules.versioning.util [1.87.0.42.1 15-387759c96ce1b891ec45ffaf524a53499455fe1a]
	org.netbeans.modules.team.commons [1.67 15-387759c96ce1b891ec45ffaf524a53499455fe1a]
	org.netbeans.modules.versioning.ui/1 [1.39.0.42.1 15-387759c96ce1b891ec45ffaf524a53499455fe1a]
	org.netbeans.modules.versioning.system.cvss.installer [1.33 15-387759c96ce1b891ec45ffaf524a53499455fe1a]
	org.netbeans.modules.masterfs.ui [2.20.0.2 15-387759c96ce1b891ec45ffaf524a53499455fe1a]
	org.netbeans.modules.versioning.masterfs [1.31 15-387759c96ce1b891ec45ffaf524a53499455fe1a]
	org.netbeans.modules.versioning.indexingbridge/0 [1.42 15-387759c96ce1b891ec45ffaf524a53499455fe1a]
	org.netbeans.modules.utilities.project/1 [1.55 15-387759c96ce1b891ec45ffaf524a53499455fe1a]
	org.netbeans.modules.updatecenters/1 [1.57 15-387759c96ce1b891ec45ffaf524a53499455fe1a]
	org.netbeans.libs.jcodings/1 [0.6 15-387759c96ce1b891ec45ffaf524a53499455fe1a]
	org.netbeans.modules.textmate.lexer/0 [1.17.0.1 1 15-387759c96ce1b891ec45ffaf524a53499455fe1a]
	org.netbeans.libs.flexmark [1.10 15-387759c96ce1b891ec45ffaf524a53499455fe1a]
	com.google.guava [27.0.0 27.0.0.jre]
	org.netbeans.modules.lsp.client/0 [1.17.0.1.1 1 15-387759c96ce1b891ec45ffaf524a53499455fe1a]
	org.netbeans.modules.typescript.editor [1.10 15-387759c96ce1b891ec45ffaf524a53499455fe1a]
	org.netbeans.modules.java.testrunner.ui [1.21 15-387759c96ce1b891ec45ffaf524a53499455fe1a]
	org.netbeans.libs.testng/1 [1.31 15-387759c96ce1b891ec45ffaf524a53499455fe1a]
	org.netbeans.modules.testng [2.37 15-387759c96ce1b891ec45ffaf524a53499455fe1a]
	org.netbeans.modules.testng.ui [1.26 15-387759c96ce1b891ec45ffaf524a53499455fe1a]
	org.netbeans.modules.maven.embedder/2 [2.71 15-387759c96ce1b891ec45ffaf524a53499455fe1a]
	org.netbeans.modules.maven.indexer/2 [2.57 15-387759c96ce1b891ec45ffaf524a53499455fe1a]
	org.netbeans.modules.maven.model/1 [1.61 15-387759c96ce1b891ec45ffaf524a53499455fe1a]
	org.netbeans.modules.swing.validation/2 [1.49 15-387759c96ce1b891ec45ffaf524a53499455fe1a]
	org.netbeans.modules.project.dependency [1.0.0.1 1 15-387759c96ce1b891ec45ffaf524a53499455fe1a]
	org.netbeans.modules.maven.indexer.ui/2 [2.51 15-387759c96ce1b891ec45ffaf524a53499455fe1a]
	org.netbeans.modules.maven/2 [2.154.1.1 1 15-387759c96ce1b891ec45ffaf524a53499455fe1a]
	org.netbeans.modules.testng.maven [2.33 15-387759c96ce1b891ec45ffaf524a53499455fe1a]
	org.netbeans.modules.java.testrunner.ant [1.19 15-387759c96ce1b891ec45ffaf524a53499455fe1a]
	org.netbeans.modules.testng.ant [2.32 15-387759c96ce1b891ec45ffaf524a53499455fe1a]
	org.netbeans.modules.templates/1 [1.24 15-387759c96ce1b891ec45ffaf524a53499455fe1a]
	org.netbeans.modules.team.ide [1.30 15-387759c96ce1b891ec45ffaf524a53499455fe1a]
	org.netbeans.libs.ini4j/1 [1.51 15-387759c96ce1b891ec45ffaf524a53499455fe1a]
	org.netbeans.libs.svnClientAdapter/1 [1.57 15-387759c96ce1b891ec45ffaf524a53499455fe1a]
	org.netbeans.modules.subversion [1.58.0.42.1 15-387759c96ce1b891ec45ffaf524a53499455fe1a]
	org.netbeans.libs.cglib/1 [1.43 15-387759c96ce1b891ec45ffaf524a53499455fe1a]
	org.netbeans.libs.springframework/1 [1.54 15-387759c96ce1b891ec45ffaf524a53499455fe1a]
	org.netbeans.modules.spring.beans/0 [1.57.0.1 1 15-387759c96ce1b891ec45ffaf524a53499455fe1a]
	org.netbeans.modules.spring.webmvc [1.53 15-387759c96ce1b891ec45ffaf524a53499455fe1a]
	org.netbeans.modules.spellchecker [1.52.0.1.8 1 15-387759c96ce1b891ec45ffaf524a53499455fe1a]
	org.netbeans.modules.spellchecker.kit [1.42 15-387759c96ce1b891ec45ffaf524a53499455fe1a]
	org.netbeans.modules.spellchecker.dictionary_en [1.39 15-387759c96ce1b891ec45ffaf524a53499455fe1a]
	org.netbeans.modules.properties.syntax/1 [1.67 15-387759c96ce1b891ec45ffaf524a53499455fe1a]
	org.netbeans.modules.spellchecker.bindings.properties [1.39 15-387759c96ce1b891ec45ffaf524a53499455fe1a]
	org.netbeans.modules.spellchecker.bindings.htmlxml [1.44 15-387759c96ce1b891ec45ffaf524a53499455fe1a]
	org.netbeans.modules.selenium2.webclient.protractor [1.20 15-387759c96ce1b891ec45ffaf524a53499455fe1a]
	org.netbeans.modules.selenium2.webclient.mocha [1.23 15-387759c96ce1b891ec45ffaf524a53499455fe1a]
	org.netbeans.modules.selenium2.java [1.19 15-387759c96ce1b891ec45ffaf524a53499455fe1a]
	org.netbeans.modules.selenium2.maven [1.19 15-387759c96ce1b891ec45ffaf524a53499455fe1a]
	org.netbeans.modules.projectimport.eclipse.web [1.41.0.1 15-387759c96ce1b891ec45ffaf524a53499455fe1a]
	org.netbeans.modules.projectimport.eclipse.j2se [1.45.0.48 15-387759c96ce1b891ec45ffaf524a53499455fe1a]
	org.netbeans.modules.projectapi.nb [1.21 15-387759c96ce1b891ec45ffaf524a53499455fe1a]
	org.netbeans.modules.project.spi.intern.impl [1.20 15-387759c96ce1b891ec45ffaf524a53499455fe1a]
	org.netbeans.modules.project.ant.compat8/1 [1.84 15-387759c96ce1b891ec45ffaf524a53499455fe1a]
	org.netbeans.modules.progress.ui [1.50 15-387759c96ce1b891ec45ffaf524a53499455fe1a]
	org.netbeans.modules.profiler.utilities/1 [1.54 15-387759c96ce1b891ec45ffaf524a53499455fe1a]
	org.netbeans.lib.profiler/1 [1.126 15-387759c96ce1b891ec45ffaf524a53499455fe1a]
	org.netbeans.lib.profiler.charts/1 [1.47 15-387759c96ce1b891ec45ffaf524a53499455fe1a]
	org.netbeans.lib.profiler.common/1 [1.64 15-387759c96ce1b891ec45ffaf524a53499455fe1a]
	org.netbeans.modules.profiler.api/1 [1.67 15-387759c96ce1b891ec45ffaf524a53499455fe1a]
	org.netbeans.lib.profiler.ui/1 [1.163 15-387759c96ce1b891ec45ffaf524a53499455fe1a]
	org.netbeans.modules.profiler.attach/2 [2.38 15-387759c96ce1b891ec45ffaf524a53499455fe1a]
	org.netbeans.modules.profiler/3 [3.46 15-387759c96ce1b891ec45ffaf524a53499455fe1a]
	org.netbeans.modules.profiler.snaptracer/1 [1.41 15-387759c96ce1b891ec45ffaf524a53499455fe1a]
	org.netbeans.modules.profiler.projectsupport [1.50 15-387759c96ce1b891ec45ffaf524a53499455fe1a]
	org.netbeans.modules.profiler.ppoints [1.41 15-387759c96ce1b891ec45ffaf524a53499455fe1a]
	org.netbeans.modules.profiler.oql/2 [2.35 15-387759c96ce1b891ec45ffaf524a53499455fe1a]
	org.netbeans.modules.profiler.oql.language/0 [0.45 15-387759c96ce1b891ec45ffaf524a53499455fe1a]
	org.netbeans.modules.profiler.options [1.36 15-387759c96ce1b891ec45ffaf524a53499455fe1a]
	org.netbeans.modules.profiler.nbimpl/1 [1.42 15-387759c96ce1b891ec45ffaf524a53499455fe1a]
	org.netbeans.modules.profiler.nbmodule/1 [1.52 15-387759c96ce1b891ec45ffaf524a53499455fe1a]
	org.netbeans.modules.profiler.heapwalker [1.129 15-387759c96ce1b891ec45ffaf524a53499455fe1a]
	org.netbeans.modules.profiler.kit [1.36 15-387759c96ce1b891ec45ffaf524a53499455fe1a]
	org.netbeans.modules.profiler.j2se/1 [1.53 15-387759c96ce1b891ec45ffaf524a53499455fe1a]
	org.netbeans.modules.profiler.j2ee/1 [1.51 15-387759c96ce1b891ec45ffaf524a53499455fe1a]
	org.netbeans.modules.profiler.freeform/1 [1.52 15-387759c96ce1b891ec45ffaf524a53499455fe1a]
	org.netbeans.modules.payara.tooling/0 [2.12 15-387759c96ce1b891ec45ffaf524a53499455fe1a]
	org.netbeans.modules.maven.j2ee/1 [1.78 15-387759c96ce1b891ec45ffaf524a53499455fe1a]
	org.netbeans.modules.payara.micro/0 [2.12 15-387759c96ce1b891ec45ffaf524a53499455fe1a]
	org.netbeans.modules.payara.common/0 [2.12 15-387759c96ce1b891ec45ffaf524a53499455fe1a]
	org.netbeans.modules.payara.eecommon/0 [2.13.0.1.1 1 15-387759c96ce1b891ec45ffaf524a53499455fe1a]
	org.netbeans.modules.payara.jakartaee/0 [2.12 15-387759c96ce1b891ec45ffaf524a53499455fe1a]
	org.netbeans.modules.parsing.ui [1.31.0.1 15-387759c96ce1b891ec45ffaf524a53499455fe1a]
	org.netbeans.modules.parsing.nb [1.21.0.8.1 15-387759c96ce1b891ec45ffaf524a53499455fe1a]
	org.netbeans.modules.notifications [1.25 15-387759c96ce1b891ec45ffaf524a53499455fe1a]
	org.netbeans.core.netigso [1.48 15-387759c96ce1b891ec45ffaf524a53499455fe1a]
	org.netbeans.modules.netbinox [1.58 15-387759c96ce1b891ec45ffaf524a53499455fe1a]
	org.netbeans.insane/1 [1.46.0.1 1 15-387759c96ce1b891ec45ffaf524a53499455fe1a]
	org.netbeans.modules.nbjunit/1 [1.107 15-387759c96ce1b891ec45ffaf524a53499455fe1a]
	org.eclipse.mylyn.commons.net [3.17.0 3.17.0.v20150706-2057]
	org.eclipse.mylyn.tasks.core [3.17.0 3.17.0.v20150828-2026]
	org.eclipse.core.jobs [3.5.100 3.5.100.v20110404]
	org.eclipse.mylyn.wikitext.core [2.6.0 2.6.0.v20150901-2143]
	org.netbeans.modules.bugtracking [1.126 15-387759c96ce1b891ec45ffaf524a53499455fe1a]
	org.eclipse.equinox.common [3.6.0 3.6.0.v20110523]
	org.eclipse.core.runtime [3.7.0 3.7.0.v20110110]
	org.netbeans.modules.mylyn.util [1.53 15-387759c96ce1b891ec45ffaf524a53499455fe1a]
	org.netbeans.api.maven [1.23 15-387759c96ce1b891ec45ffaf524a53499455fe1a]
	org.netbeans.modules.micronaut [1.6.0.1.2 1 15-387759c96ce1b891ec45ffaf524a53499455fe1a]
	org.netbeans.modules.mercurial [1.59.0.42.1 15-387759c96ce1b891ec45ffaf524a53499455fe1a]
	org.netbeans.modules.maven.spring/1 [1.46 15-387759c96ce1b891ec45ffaf524a53499455fe1a]
	org.netbeans.modules.maven.coverage [1.40 15-387759c96ce1b891ec45ffaf524a53499455fe1a]
	org.netbeans.modules.maven.repository/1 [1.59 15-387759c96ce1b891ec45ffaf524a53499455fe1a]
	org.netbeans.modules.maven.graph/1 [1.49 15-387759c96ce1b891ec45ffaf524a53499455fe1a]
	org.netbeans.modules.maven.grammar/1 [1.64.0.1 15-387759c96ce1b891ec45ffaf524a53499455fe1a]
	org.netbeans.modules.maven.osgi/1 [1.52 15-387759c96ce1b891ec45ffaf524a53499455fe1a]
	org.netbeans.modules.maven.refactoring [1.37 15-387759c96ce1b891ec45ffaf524a53499455fe1a]
	org.netbeans.modules.maven.checkstyle [1.34 15-387759c96ce1b891ec45ffaf524a53499455fe1a]
	org.netbeans.modules.maven.kit/1 [4.48 15-387759c96ce1b891ec45ffaf524a53499455fe1a]
	org.netbeans.modules.maven.search [1.49 15-387759c96ce1b891ec45ffaf524a53499455fe1a]
	org.netbeans.modules.maven.profiler/1 [1.49 15-387759c96ce1b891ec45ffaf524a53499455fe1a]
	org.netbeans.modules.maven.persistence/1 [1.46 15-387759c96ce1b891ec45ffaf524a53499455fe1a]
	org.netbeans.modules.junit.ui [1.24 15-387759c96ce1b891ec45ffaf524a53499455fe1a]
	org.netbeans.modules.maven.junit.ui [1.22 15-387759c96ce1b891ec45ffaf524a53499455fe1a]
	org.netbeans.modules.maven.junit/1 [1.51 15-387759c96ce1b891ec45ffaf524a53499455fe1a]
	org.netbeans.modules.maven.jaxws [1.45 15-387759c96ce1b891ec45ffaf524a53499455fe1a]
	org.netbeans.modules.maven.hints/1 [1.57 15-387759c96ce1b891ec45ffaf524a53499455fe1a]
	org.netbeans.modules.masterfs.nio2 [1.32 15-387759c96ce1b891ec45ffaf524a53499455fe1a]
	org.netbeans.modules.masterfs.linux [1.30 15-387759c96ce1b891ec45ffaf524a53499455fe1a]
	org.netbeans.modules.markdown [1.5 15-387759c96ce1b891ec45ffaf524a53499455fe1a]
	org.netbeans.modules.bugtracking.commons [1.25 15-387759c96ce1b891ec45ffaf524a53499455fe1a]
	org.netbeans.modules.localtasks [1.42 15-387759c96ce1b891ec45ffaf524a53499455fe1a]
	org.netbeans.modules.localhistory [1.51 15-387759c96ce1b891ec45ffaf524a53499455fe1a]
	org.netbeans.modules.libs.gradle/7 [7.5.0.1 15-387759c96ce1b891ec45ffaf524a53499455fe1a]
	org.netbeans.modules.lexer.nbbridge/1 [1.49.0.1 15-387759c96ce1b891ec45ffaf524a53499455fe1a]
	org.netbeans.modules.languages.ini [1.42 15-387759c96ce1b891ec45ffaf524a53499455fe1a]
	org.netbeans.modules.kotlin.editor [1.12 15-387759c96ce1b891ec45ffaf524a53499455fe1a]
	org.netbeans.modules.keyring.fallback [1.25 15-387759c96ce1b891ec45ffaf524a53499455fe1a]
	org.netbeans.modules.keyring.impl [1.41 15-387759c96ce1b891ec45ffaf524a53499455fe1a]
	org.netbeans.modules.junit.ant.ui [1.22 15-387759c96ce1b891ec45ffaf524a53499455fe1a]
	org.netbeans.modules.junit.ant [1.20 15-387759c96ce1b891ec45ffaf524a53499455fe1a]
	org.netbeans.lib.nbjshell [1.19 15-387759c96ce1b891ec45ffaf524a53499455fe1a]
	org.netbeans.modules.jshell.support [1.17.0.3.55.17.1.6 15-387759c96ce1b891ec45ffaf524a53499455fe1a]
	org.netbeans.modules.javascript2.sdoc [1.15 15-387759c96ce1b891ec45ffaf524a53499455fe1a]
	org.netbeans.modules.javascript2.requirejs [0.24 15-387759c96ce1b891ec45ffaf524a53499455fe1a]
	org.netbeans.modules.javascript2.react [0.16 15-387759c96ce1b891ec45ffaf524a53499455fe1a]
	org.netbeans.modules.javascript2.prototypejs [0.22 15-387759c96ce1b891ec45ffaf524a53499455fe1a]
	org.netbeans.modules.javascript2.knockout [1.27 15-387759c96ce1b891ec45ffaf524a53499455fe1a]
	org.netbeans.modules.javascript2.jsdoc [1.15 15-387759c96ce1b891ec45ffaf524a53499455fe1a]
	org.netbeans.modules.javascript2.extjs [1.26 15-387759c96ce1b891ec45ffaf524a53499455fe1a]
	org.netbeans.modules.javascript2.jquery [1.26 15-387759c96ce1b891ec45ffaf524a53499455fe1a]
	org.netbeans.modules.javascript2.extdoc [1.15 15-387759c96ce1b891ec45ffaf524a53499455fe1a]
	org.netbeans.modules.javascript2.jade/1 [0.23 15-387759c96ce1b891ec45ffaf524a53499455fe1a]
	org.netbeans.modules.javascript2.kit/1 [0.30 15-387759c96ce1b891ec45ffaf524a53499455fe1a]
	org.netbeans.modules.javascript2.html [1.7 15-387759c96ce1b891ec45ffaf524a53499455fe1a]
	org.netbeans.modules.javascript.v8debug.ui/1 [1.16.0.1 15-387759c96ce1b891ec45ffaf524a53499455fe1a]
	org.netbeans.modules.javaee8.api [1.20 15-387759c96ce1b891ec45ffaf524a53499455fe1a]
	org.netbeans.modules.javaee7.api [1.21 15-387759c96ce1b891ec45ffaf524a53499455fe1a]
	org.netbeans.modules.javaee.wildfly/1 [2.9 15-387759c96ce1b891ec45ffaf524a53499455fe1a]
	org.netbeans.modules.java.source.queries [1.35 15-387759c96ce1b891ec45ffaf524a53499455fe1a]
	org.netbeans.modules.java.source.queriesimpl [1.34 15-387759c96ce1b891ec45ffaf524a53499455fe1a]
	org.netbeans.modules.java.source.compat8 [9.20 15-387759c96ce1b891ec45ffaf524a53499455fe1a]
	org.netbeans.modules.java.mx.project [1.6 15-387759c96ce1b891ec45ffaf524a53499455fe1a]
	org.netbeans.modules.java.metrics [1.25 15-387759c96ce1b891ec45ffaf524a53499455fe1a]
	org.netbeans.html.xhr4j [1.7.3 1.7.3]
	net.java.html.json [1.7.3 1.7.3]
	net.java.html [1.7.3 1.7.3]
	net.java.html.boot [1.7.3 1.7.3]
	org.netbeans.html.ko4j [1.7.3 1.7.3]
	org.netbeans.api.htmlui [1.25 15-387759c96ce1b891ec45ffaf524a53499455fe1a]
	org.apache.commons.lang3 [3.12.0 3.12.0]
	org.netbeans.libs.truffleapi [1.17 15-387759c96ce1b891ec45ffaf524a53499455fe1a]
	org.netbeans.modules.debugger.jpda.truffle/1 [1.14 15-387759c96ce1b891ec45ffaf524a53499455fe1a]
	org.netbeans.html.presenters.spi [1.7.3 1.7.3]
	org.netbeans.modules.java.lsp.server/2 [2.0.0.1.2.12.1.17.32.6.2.1.8.1.1.13 1 15-387759c96ce1b891ec45ffaf524a53499455fe1a]
	org.netbeans.modules.java.j2semodule [1.19 15-387759c96ce1b891ec45ffaf524a53499455fe1a]
	org.netbeans.modules.java.guards/0 [0.48 15-387759c96ce1b891ec45ffaf524a53499455fe1a]
	org.netbeans.modules.java.disco [2.1 15-387759c96ce1b891ec45ffaf524a53499455fe1a]
	org.netbeans.modules.jakartaee9.platform/1 [1.17 15-387759c96ce1b891ec45ffaf524a53499455fe1a]
	org.netbeans.modules.jakartaee9.api [1.17 15-387759c96ce1b891ec45ffaf524a53499455fe1a]
	org.netbeans.modules.jakartaee8.platform/1 [1.18 15-387759c96ce1b891ec45ffaf524a53499455fe1a]
	org.netbeans.modules.jakartaee8.api [1.18 15-387759c96ce1b891ec45ffaf524a53499455fe1a]
	org.netbeans.modules.j2ee.platform/1 [1.47 15-387759c96ce1b891ec45ffaf524a53499455fe1a]
	org.netbeans.modules.j2ee.ejbverification [1.49 15-387759c96ce1b891ec45ffaf524a53499455fe1a]
	org.netbeans.modules.j2ee.ejbrefactoring [1.42 15-387759c96ce1b891ec45ffaf524a53499455fe1a]
	org.netbeans.modules.j2ee.clientproject [1.63.0.1 1 15-387759c96ce1b891ec45ffaf524a53499455fe1a]
	org.netbeans.modules.j2ee.ejbjarproject [1.70 15-387759c96ce1b891ec45ffaf524a53499455fe1a]
	org.netbeans.modules.j2ee.earproject [1.68 15-387759c96ce1b891ec45ffaf524a53499455fe1a]
	org.netbeans.modules.j2ee.kit [1.42 15-387759c96ce1b891ec45ffaf524a53499455fe1a]
	org.netbeans.modules.ide.ergonomics [1.44 15-387759c96ce1b891ec45ffaf524a53499455fe1a]
	org.netbeans.modules.autoupdate.pluginimporter [1.37 15-387759c96ce1b891ec45ffaf524a53499455fe1a]
	org.netbeans.modules.deadlock.detector [1.23 15-387759c96ce1b891ec45ffaf524a53499455fe1a]
	org.netbeans.modules.ide.branding/1 [1.49 15-387759c96ce1b891ec45ffaf524a53499455fe1a]
	org.netbeans.modules.ide.branding.kit [1.45 15-387759c96ce1b891ec45ffaf524a53499455fe1a]
	org.netbeans.modules.form/2 [1.74.0.4 4 15-387759c96ce1b891ec45ffaf524a53499455fe1a]
	org.netbeans.modules.form.nb/0 [0.35.0.1.4 1 15-387759c96ce1b891ec45ffaf524a53499455fe1a]
	org.netbeans.modules.i18n.form/2 [1.67.0.4.1 15-387759c96ce1b891ec45ffaf524a53499455fe1a]
	org.netbeans.libs.commons_net/2 [2.39.0.36 36 15-387759c96ce1b891ec45ffaf524a53499455fe1a]
	org.netbeans.modules.hudson [2.30 15-387759c96ce1b891ec45ffaf524a53499455fe1a]
	org.netbeans.modules.hudson.ui [1.28 15-387759c96ce1b891ec45ffaf524a53499455fe1a]
	org.netbeans.modules.hudson.tasklist [1.34 15-387759c96ce1b891ec45ffaf524a53499455fe1a]
	org.netbeans.modules.hudson.subversion [1.46 15-387759c96ce1b891ec45ffaf524a53499455fe1a]
	org.netbeans.modules.hudson.mercurial [1.46 15-387759c96ce1b891ec45ffaf524a53499455fe1a]
	org.netbeans.modules.hudson.maven [1.46 15-387759c96ce1b891ec45ffaf524a53499455fe1a]
	org.netbeans.modules.hudson.git [1.35 15-387759c96ce1b891ec45ffaf524a53499455fe1a]
	org.netbeans.modules.hudson.ant [1.44 15-387759c96ce1b891ec45ffaf524a53499455fe1a]
	org.netbeans.modules.html.custom [1.23 15-387759c96ce1b891ec45ffaf524a53499455fe1a]
	org.netbeans.core.browser/1 [1.45.0.1 1 15-387759c96ce1b891ec45ffaf524a53499455fe1a]
	org.netbeans.modules.html.angular [1.29 15-387759c96ce1b891ec45ffaf524a53499455fe1a]
	org.netbeans.modules.gradle/2 [2.25 15-387759c96ce1b891ec45ffaf524a53499455fe1a]
	org.netbeans.modules.gradle.java [1.19 15-387759c96ce1b891ec45ffaf524a53499455fe1a]
	org.netbeans.modules.gradle.test [1.13 15-387759c96ce1b891ec45ffaf524a53499455fe1a]
	org.netbeans.modules.gradle.spring [1.13 15-387759c96ce1b891ec45ffaf524a53499455fe1a]
	org.netbeans.modules.gradle.persistence [1.13 15-387759c96ce1b891ec45ffaf524a53499455fe1a]
	org.netbeans.modules.gradle.java.coverage [1.10 15-387759c96ce1b891ec45ffaf524a53499455fe1a]
	org.netbeans.modules.gradle.kit [1.13 15-387759c96ce1b891ec45ffaf524a53499455fe1a]
	org.netbeans.modules.gradle.javaee [1.12 15-387759c96ce1b891ec45ffaf524a53499455fe1a]
	org.netbeans.libs.freemarker/1 [2.51.0.239 239 15-387759c96ce1b891ec45ffaf524a53499455fe1a]
	org.netbeans.modules.gradle.htmlui [1.12 15-387759c96ce1b891ec45ffaf524a53499455fe1a]
	org.netbeans.modules.gradle.dists [1.5 15-387759c96ce1b891ec45ffaf524a53499455fe1a]
	org.eclipse.jgit [5.7.0 5.7.0.202003110725-r]
	org.netbeans.libs.jsch.agentproxy/2 [1.1 15-387759c96ce1b891ec45ffaf524a53499455fe1a]
	org.netbeans.libs.git/1 [1.51 15-387759c96ce1b891ec45ffaf524a53499455fe1a]
	org.netbeans.modules.git [1.39.0.1 15-387759c96ce1b891ec45ffaf524a53499455fe1a]
	org.netbeans.modules.form.refactoring/0 [0.34.0.1.4.1 1 15-387759c96ce1b891ec45ffaf524a53499455fe1a]
	org.netbeans.modules.form.kit [1.45 15-387759c96ce1b891ec45ffaf524a53499455fe1a]
	org.netbeans.modules.extexecution.process.jdk9 [1.17 15-387759c96ce1b891ec45ffaf524a53499455fe1a]
	org.netbeans.modules.extexecution.process [1.44 15-387759c96ce1b891ec45ffaf524a53499455fe1a]
	org.netbeans.modules.extexecution.impl [1.42 15-387759c96ce1b891ec45ffaf524a53499455fe1a]
	org.netbeans.modules.editor.mimelookup.impl/1 [1.49 15-387759c96ce1b891ec45ffaf524a53499455fe1a]
	org.netbeans.modules.editor.htmlui [1.16 15-387759c96ce1b891ec45ffaf524a53499455fe1a]
	org.netbeans.modules.editor.global.format/1 [1.32.0.1 1 15-387759c96ce1b891ec45ffaf524a53499455fe1a]
	libs.c.kohlschutter.junixsocket/2 [3.0 15-387759c96ce1b891ec45ffaf524a53499455fe1a]
	org.netbeans.modules.docker.api/0 [1.37 15-387759c96ce1b891ec45ffaf524a53499455fe1a]
	org.netbeans.modules.docker.ui/0 [1.17 15-387759c96ce1b891ec45ffaf524a53499455fe1a]
	org.netbeans.modules.docker.editor/0 [1.17 15-387759c96ce1b891ec45ffaf524a53499455fe1a]
	org.netbeans.modules.dlight.nativeexecution.nb [1.17 15-387759c96ce1b891ec45ffaf524a53499455fe1a]
	org.netbeans.modules.debugger.jpda.visual/1 [1.34 15-387759c96ce1b891ec45ffaf524a53499455fe1a]
	org.netbeans.modules.debugger.jpda.trufflenode/1 [1.14 15-387759c96ce1b891ec45ffaf524a53499455fe1a]
	org.netbeans.modules.debugger.jpda.js/1 [1.27 15-387759c96ce1b891ec45ffaf524a53499455fe1a]
	org.netbeans.modules.debugger.jpda.jsui/1 [1.17 15-387759c96ce1b891ec45ffaf524a53499455fe1a]
	org.netbeans.modules.debugger.jpda.kit [1.32 15-387759c96ce1b891ec45ffaf524a53499455fe1a]
	org.netbeans.modules.debugger.jpda.heapwalk/1 [1.48 15-387759c96ce1b891ec45ffaf524a53499455fe1a]
	org.netbeans.modules.css.prep [1.47 15-387759c96ce1b891ec45ffaf524a53499455fe1a]
	org.netbeans.modules.cordova.platforms [1.53 15-387759c96ce1b891ec45ffaf524a53499455fe1a]
	org.netbeans.modules.cordova.platforms.android [1.43 15-387759c96ce1b891ec45ffaf524a53499455fe1a]
	org.netbeans.modules.cordova [1.50 15-387759c96ce1b891ec45ffaf524a53499455fe1a]
	bcpkix [1.70 1.70]
	bcprov [1.70 1.70]
	org.apache.commons.httpclient [3.1.0 3.1.0]
	org.netbeans.modules.cloud.oracle [1.2 15-387759c96ce1b891ec45ffaf524a53499455fe1a]
	org.eclipse.mylyn.bugzilla.core [3.17.0 3.17.0.v20150828-2026]
	org.netbeans.modules.bugzilla [1.94 15-387759c96ce1b891ec45ffaf524a53499455fe1a]
	org.netbeans.modules.bugtracking.bridge [1.62 15-387759c96ce1b891ec45ffaf524a53499455fe1a]
	org.netbeans.modules.ant.hints/1 [1.11 15-387759c96ce1b891ec45ffaf524a53499455fe1a]
	org.netbeans.modules.ant.grammar/1 [1.61 15-387759c96ce1b891ec45ffaf524a53499455fe1a]
	org.netbeans.libs.svnClientAdapter.javahl/1 [1.41 15-387759c96ce1b891ec45ffaf524a53499455fe1a]
	org.netbeans.libs.nbjavacapi [18.1 15-387759c96ce1b891ec45ffaf524a53499455fe1a]
	org.netbeans.libs.jna.platform/2 [2.13 15-387759c96ce1b891ec45ffaf524a53499455fe1a]
	org.netbeans.libs.graaljs/2 [1.17 15-387759c96ce1b891ec45ffaf524a53499455fe1a]
	org.netbeans.lib.nbjshell9 [1.16 15-387759c96ce1b891ec45ffaf524a53499455fe1a]
	org.netbeans.core.network [1.29 15-387759c96ce1b891ec45ffaf524a53499455fe1a]
	org.netbeans.core.nativeaccess/1 [1.48 15-387759c96ce1b891ec45ffaf524a53499455fe1a]
	org.netbeans.core.io.ui/1 [1.47 15-387759c96ce1b891ec45ffaf524a53499455fe1a]
	org.netbeans.api.progress.compat8 [1.64 15-387759c96ce1b891ec45ffaf524a53499455fe1a]
	org.eclipse.mylyn.commons.xmlrpc [3.17.0 3.17.0.v20150625-2042]
	org.eclipse.mylyn.commons.repositories.core [1.9.0 1.9.0.v20150625-2042]
	org.eclipse.mylyn.commons.core [3.17.0 3.17.0.v20150625-2042]
	org.eclipse.equinox.security [1.1.1 1.1.1.R37x_v20110822-1018]
	org.eclipse.equinox.registry [3.5.200 3.5.200.v20120522-1841]
	org.eclipse.equinox.preferences [3.4.2 3.4.2.v20120111-2020]
	org.eclipse.equinox.app [1.3.100 1.3.100.v20110321]
	org.eclipse.core.runtime.compatibility.auth [3.2.200 3.2.200.v20110110]
	org.eclipse.core.net [1.2.100 1.2.100.I20110511-0800]
	org.eclipse.core.contenttype [3.4.100 3.4.100.v20110423-0524]
	org.apache.xmlrpc [3.1.3 3.1.3]
	org.apache.ws.commons.util [1.0.1 1.0.1]
	org.apache.commons.lang [2.6 2.6]
	com.jcraft.jzlib [1.1.3 1.1.3]
	com.googlecode.javaewah.JavaEWAH [1.1.6 1.1.6]
	bcutil [1.70 1.70]
	bcpg [1.70 1.70]
INFO [org.netbeans.core.netigso.Netigso]: bundle org.eclipse.osgi@3.9.1.v20140110-1610 started
INFO [org.netbeans.core.network.proxy.NetworkProxyReloader]: System network proxy resolver: Gnome
INFO [org.netbeans.core.network.proxy.gnome.GsettingsNetworkProxy]: GSettings system proxy resolver: direct connection
INFO [org.netbeans.core.network.proxy.NetworkProxyReloader]: System network proxy reloading succeeded.
INFO [org.netbeans.core.network.proxy.NetworkProxyReloader]: System network proxy - mode: direct
INFO [org.netbeans.core.network.proxy.NetworkProxyReloader]: System network proxy: fell to default (correct if direct mode went before)
INFO [org.openide.awt.Toolbar]: Too long AWTTask: 2,109 ms for org.openide.awt.MenuBar$MenuBarFolder@7c9e326e(FolderList{MultiFileObject@5e6892fd[Menu]})
INFO [org.netbeans.ui.metrics.laf]: USG_LOOK_AND_FEEL
WARNING [org.netbeans.TopSecurityManager]: use of system property netbeans.home has been obsoleted in favor of InstalledFileLocator/Places at org.netbeans.modules.java.j2seplatform.platformdefinition.Util.removeNBArtifacts(Util.java:341)
WARNING [org.netbeans.modules.git]: Home folder /home/itlab lies under a git versioned root /home/itlab. Expecting lots of performance issues.
INFO [glassfish]: Created GlassFish Server 6.2.5 instance with name GlassFish Server (1)
INFO [org.netbeans.modules.tomcat5.deploy.TomcatManager]: TomEE version null, type null
INFO [null]: Last record repeated 3 more times.
WARNING [org.netbeans.TopSecurityManager]: use of system property netbeans.user has been obsoleted in favor of InstalledFileLocator/Places at org.netbeans.modules.tomcat5.util.TomcatProperties.getAntDeploymentPropertiesFile(TomcatProperties.java:256)
INFO [org.netbeans.ui.web.project]: A web application was opened with target server Tomcat.
INFO [org.netbeans.ui.metrics.web.project]: A web application was opened [Target server: Apache Tomcat or TomEE, JavaEE version: 1.7-web].
Diagnostic information
Input arguments:
	-Djdk.home=/usr/lib/jvm/java-11-openjdk-amd64
	-Dnetbeans.default_userdir_root=/home/itlab/snap/netbeans/69
	-Dnetbeans.running.environment=gnome
	-Dnetbeans.dirs=/snap/netbeans/69/netbeans/nb:/snap/netbeans/69/netbeans/ergonomics:/snap/netbeans/69/netbeans/ide:/snap/netbeans/69/netbeans/extide:/snap/netbeans/69/netbeans/java:/snap/netbeans/69/netbeans/apisupport:/snap/netbeans/69/netbeans/webcommon:/snap/netbeans/69/netbeans/websvccommon:/snap/netbeans/69/netbeans/enterprise:/snap/netbeans/69/netbeans/mobility:/snap/netbeans/69/netbeans/profiler:/snap/netbeans/69/netbeans/python:/snap/netbeans/69/netbeans/php:/snap/netbeans/69/netbeans/identity:/snap/netbeans/69/netbeans/harness:/snap/netbeans/69/netbeans/cnd:/snap/netbeans/69/netbeans/cndext:/snap/netbeans/69/netbeans/cpplite:/snap/netbeans/69/netbeans/dlight:/snap/netbeans/69/netbeans/groovy:/snap/netbeans/69/netbeans/extra:/snap/netbeans/69/netbeans/javacard:/snap/netbeans/69/netbeans/javafx:
	-Dnetbeans.home=/snap/netbeans/69/netbeans/platform
	-Dnetbeans.importclass=org.netbeans.upgrade.AutoUpgrade
	-XX:+UseStringDeduplication
	-Xss2m
	-Dplugin.manager.install.global=false
	-Dapple.awt.graphics.UseQuartz=true
	-Dsun.java2d.noddraw=true
	-Dsun.java2d.dpiaware=true
	-Dsun.zip.disableMemoryMapping=true
	-Dplugin.manager.check.updates=false
	-Dnetbeans.extbrowser.manual_chrome_plugin_install=yes
	--add-opens=java.base/java.net=ALL-UNNAMED
	--add-opens=java.base/java.lang.ref=ALL-UNNAMED
	--add-opens=java.base/java.lang=ALL-UNNAMED
	--add-opens=java.base/java.security=ALL-UNNAMED
	--add-opens=java.base/java.util=ALL-UNNAMED
	--add-opens=java.base/java.nio=ALL-UNNAMED
	--add-exports=java.base/sun.reflect.annotation=ALL-UNNAMED
	--add-opens=java.prefs/java.util.prefs=ALL-UNNAMED
	--add-opens=java.desktop/javax.swing.plaf.basic=ALL-UNNAMED
	--add-opens=java.desktop/javax.swing.text=ALL-UNNAMED
	--add-opens=java.desktop/javax.swing=ALL-UNNAMED
	--add-opens=java.desktop/java.awt=ALL-UNNAMED
	--add-opens=java.desktop/java.awt.event=ALL-UNNAMED
	--add-opens=java.desktop/sun.awt.X11=ALL-UNNAMED
	--add-opens=java.desktop/javax.swing.plaf.synth=ALL-UNNAMED
	--add-opens=java.desktop/com.sun.java.swing.plaf.gtk=ALL-UNNAMED
	--add-opens=java.desktop/sun.awt.shell=ALL-UNNAMED
	--add-opens=java.desktop/sun.awt.im=ALL-UNNAMED
	--add-exports=java.desktop/sun.awt=ALL-UNNAMED
	--add-exports=java.desktop/java.awt.peer=ALL-UNNAMED
	--add-exports=java.desktop/com.sun.beans.editors=ALL-UNNAMED
	--add-exports=java.desktop/sun.swing=ALL-UNNAMED
	--add-exports=java.desktop/sun.awt.im=ALL-UNNAMED
	--add-exports=java.desktop/com.sun.java.swing.plaf.motif=ALL-UNNAMED
	--add-exports=java.desktop/com.apple.eio=ALL-UNNAMED
	--add-opens=jdk.compiler/com.sun.tools.javac.api=ALL-UNNAMED
	--add-opens=jdk.compiler/com.sun.tools.javac.code=ALL-UNNAMED
	--add-opens=jdk.compiler/com.sun.tools.javac.comp=ALL-UNNAMED
	--add-opens=jdk.compiler/com.sun.tools.javac.file=ALL-UNNAMED
	--add-opens=jdk.compiler/com.sun.tools.javac.jvm=ALL-UNNAMED
	--add-opens=jdk.compiler/com.sun.tools.javac.main=ALL-UNNAMED
	--add-opens=jdk.compiler/com.sun.tools.javac.model=ALL-UNNAMED
	--add-opens=jdk.compiler/com.sun.tools.javac.parser=ALL-UNNAMED
	--add-opens=jdk.compiler/com.sun.tools.javac.processing=ALL-UNNAMED
	--add-opens=jdk.compiler/com.sun.tools.javac.tree=ALL-UNNAMED
	--add-opens=jdk.compiler/com.sun.tools.javac.util=ALL-UNNAMED
	--add-exports=jdk.compiler/com.sun.tools.javac.api=ALL-UNNAMED
	--add-exports=jdk.compiler/com.sun.tools.javac.code=ALL-UNNAMED
	--add-exports=jdk.compiler/com.sun.tools.javac.comp=ALL-UNNAMED
	--add-exports=jdk.compiler/com.sun.tools.javac.file=ALL-UNNAMED
	--add-exports=jdk.compiler/com.sun.tools.javac.jvm=ALL-UNNAMED
	--add-exports=jdk.compiler/com.sun.tools.javac.main=ALL-UNNAMED
	--add-exports=jdk.compiler/com.sun.tools.javac.model=ALL-UNNAMED
	--add-exports=jdk.compiler/com.sun.tools.javac.parser=ALL-UNNAMED
	--add-exports=jdk.compiler/com.sun.tools.javac.processing=ALL-UNNAMED
	--add-exports=jdk.compiler/com.sun.tools.javac.tree=ALL-UNNAMED
	--add-exports=jdk.compiler/com.sun.tools.javac.util=ALL-UNNAMED
	--add-modules=jdk.jshell
	--add-opens=jdk.jshell/jdk.jshell=ALL-UNNAMED
	--add-exports=jdk.jdeps/com.sun.tools.classfile=ALL-UNNAMED
	--add-exports=jdk.jdeps/com.sun.tools.javap=ALL-UNNAMED
	--add-exports=jdk.internal.jvmstat/sun.jvmstat.monitor=ALL-UNNAMED
	--add-exports=java.management/sun.management=ALL-UNNAMED
	-XX:+IgnoreUnrecognizedVMOptions
	-XX:+HeapDumpOnOutOfMemoryError
	-XX:HeapDumpPath=/home/itlab/snap/netbeans/69/var/log/heapdump.hprof
	-Djava.security.manager=allow
Compiler: HotSpot 64-Bit Tiered Compilers
Heap memory usage: initial 60.0MB maximum 944.0MB
Non heap memory usage: initial 7.3MB maximum -1b
Garbage collector: G1 Young Generation (Collections=33 Total time spent=0s)
Garbage collector: G1 Old Generation (Collections=0 Total time spent=0s)
Classes: loaded=13379 total loaded=13379 unloaded 0
INFO [org.netbeans.core.ui.warmup.DiagnosticTask]: Total memory 3,957,796,864
INFO [null]: Total physical memory 3,957,796,864
INFO [org.netbeans.ui.metrics.vcs]: USG_VCS_CLIENT
INFO [org.netbeans.modules.tomcat5.deploy.TomcatManager]: TomEE version null, type null
INFO [null]: Last record repeated 6 more times.
INFO [org.netbeans.ui.web.project]: A web application was opened with target server Tomcat.
INFO [org.netbeans.ui.metrics.web.project]: A web application was opened [Target server: Apache Tomcat or TomEE, JavaEE version: 1.7-web].
INFO [org.netbeans.modules.tomcat5.deploy.TomcatManager]: TomEE version null, type null
INFO [null]: Last record repeated 6 more times.
INFO [org.netbeans.ui.web.project]: A web application was opened with target server Tomcat.
INFO [org.netbeans.ui.metrics.web.project]: A web application was opened [Target server: Apache Tomcat or TomEE, JavaEE version: 1.7-web].
INFO [org.netbeans.modules.tomcat5.deploy.TomcatManager]: TomEE version null, type null
INFO [null]: Last record repeated 6 more times.
INFO [org.netbeans.ui.web.project]: A web application was opened with target server Tomcat.
INFO [org.netbeans.ui.metrics.web.project]: A web application was opened [Target server: Apache Tomcat or TomEE, JavaEE version: 1.7-web].
INFO [org.netbeans.modules.tomcat5.deploy.TomcatManager]: TomEE version null, type null
INFO [null]: Last record repeated 6 more times.
INFO [org.netbeans.ui.web.project]: A web application was opened with target server Tomcat.
INFO [org.netbeans.ui.metrics.web.project]: A web application was opened [Target server: Apache Tomcat or TomEE, JavaEE version: 1.7-web].
INFO [org.netbeans.modules.tomcat5.deploy.TomcatManager]: TomEE version null, type null
INFO [null]: Last record repeated 3 more times.
INFO [org.netbeans.ui.metrics.projects]: USG_PROJECT_OPEN
INFO [null]: Last record repeated 4 more times.
INFO [org.netbeans.ui.indexing]: Indexing started, time from last indexing 0 ms.
INFO [org.netbeans.modules.parsing.impl.indexing.RepositoryUpdater]: Resolving dependencies took: 1,632 ms
WARNING [org.netbeans.JarClassLoader]: Opening /snap/netbeans/69/netbeans/platform/modules/org-netbeans-core-windows.jar took 807 ms
WARNING [org.netbeans.JarClassLoader]: Opening /snap/netbeans/69/netbeans/ide/modules/org-netbeans-modules-editor-settings-lib.jar took 819 ms
WARNING [org.netbeans.JarClassLoader]: Opening /snap/netbeans/69/netbeans/ide/modules/org-netbeans-modules-web-browser-api.jar took 940 ms
WARNING [org.netbeans.JarClassLoader]: Opening /snap/netbeans/69/netbeans/ide/modules/org-netbeans-modules-editor-indent-project.jar took 736 ms
WARNING [org.netbeans.JarClassLoader]: Opening /snap/netbeans/69/netbeans/profiler/modules/org-netbeans-modules-profiler-api.jar took 1,253 ms
WARNING [org.netbeans.JarClassLoader]: Opening /snap/netbeans/69/netbeans/ide/modules/org-netbeans-spi-debugger-ui.jar took 1,284 ms
WARNING [org.netbeans.JarClassLoader]: Opening /snap/netbeans/69/netbeans/ide/modules/org-netbeans-modules-editor-lib2.jar took 511 ms
WARNING [org.netbeans.JarClassLoader]: Opening /snap/netbeans/69/netbeans/platform/modules/org-openide-awt.jar took 643 ms
WARNING [org.netbeans.JarClassLoader]: Opening /snap/netbeans/69/netbeans/enterprise/modules/org-netbeans-modules-profiler-j2ee.jar took 644 ms
WARNING [org.netbeans.modules.versioning.util.Utils]: associateEncoding() no file object available for /tmp/vcs-1665734584176/vcs-1665734584201/build.xml
WARNING [org.netbeans.JarClassLoader]: Opening /snap/netbeans/69/netbeans/ide/modules/ext/winp-1.28.jar took 691 ms
WARNING [org.netbeans.JarClassLoader]: Opening /snap/netbeans/69/netbeans/ergonomics/modules/org-netbeans-modules-ide-ergonomics.jar took 524 ms
INFO [org.netbeans.modules.parsing.impl.indexing.RepositoryUpdater]: Complete indexing of 109 binary roots took: 15,018 ms
WARNING [org.netbeans.JarClassLoader]: Opening /snap/netbeans/69/netbeans/profiler/modules/org-netbeans-lib-profiler.jar took 597 ms
INFO [org.netbeans.modules.parsing.impl.indexing.RepositoryUpdater]: Indexing of: /home/itlab/NetBeansProjects/WebApplication1/web took: 1,047 ms (New or modified files: 0, Deleted files: 0) [Adding listeners took: 1 ms]
INFO [org.netbeans.modules.parsing.impl.indexing.RepositoryUpdater]: Indexing of: /home/itlab/NetBeansProjects/SessionServlet/web took: 231 ms (New or modified files: 0, Deleted files: 0) [Adding listeners took: 0 ms]
INFO [org.netbeans.modules.parsing.impl.indexing.RepositoryUpdater]: Indexing of: /home/itlab/NetBeansProjects/ex no 7/src/java took: 280 ms (New or modified files: 0, Deleted files: 0) [Adding listeners took: 0 ms]
INFO [org.netbeans.modules.parsing.impl.indexing.RepositoryUpdater]: Indexing of: /home/itlab/NetBeansProjects/ex no 7/test took: 91 ms (New or modified files: 0, Deleted files: 0) [Adding listeners took: 0 ms]
INFO [org.netbeans.modules.parsing.impl.indexing.RepositoryUpdater]: Indexing of: /home/itlab/NetBeansProjects/NEW/test took: 1 ms (New or modified files: 0, Deleted files: 0) [Adding listeners took: 0 ms]
INFO [org.netbeans.modules.parsing.impl.indexing.RepositoryUpdater]: Indexing of: /home/itlab/NetBeansProjects/WebApplication1/src/java took: 1,336 ms (New or modified files: 0, Deleted files: 0) [Adding listeners took: 0 ms]
INFO [org.netbeans.modules.parsing.impl.indexing.RepositoryUpdater]: Indexing of: /home/itlab/NetBeansProjects/First/src/java took: 541 ms (New or modified files: 0, Deleted files: 0) [Adding listeners took: 0 ms]
INFO [org.netbeans.modules.parsing.impl.indexing.RepositoryUpdater]: Indexing of: /home/itlab/NetBeansProjects/First/test took: 107 ms (New or modified files: 0, Deleted files: 0) [Adding listeners took: 0 ms]
INFO [org.netbeans.modules.parsing.impl.indexing.RepositoryUpdater]: Indexing of: /home/itlab/NetBeansProjects/First/web took: 446 ms (New or modified files: 0, Deleted files: 0) [Adding listeners took: 0 ms]
INFO [org.netbeans.modules.parsing.impl.indexing.RepositoryUpdater]: Indexing of: /home/itlab/NetBeansProjects/SessionServlet/src/java took: 199 ms (New or modified files: 0, Deleted files: 0) [Adding listeners took: 0 ms]
INFO [org.netbeans.modules.parsing.impl.indexing.RepositoryUpdater]: Indexing of: /home/itlab/NetBeansProjects/SessionServlet/test took: 65 ms (New or modified files: 0, Deleted files: 0) [Adding listeners took: 0 ms]
INFO [org.netbeans.modules.parsing.impl.indexing.RepositoryUpdater]: Indexing of: /home/itlab/NetBeansProjects/NEW/web took: 212 ms (New or modified files: 0, Deleted files: 0) [Adding listeners took: 0 ms]
INFO [org.netbeans.modules.parsing.impl.indexing.RepositoryUpdater]: Indexing of: /home/itlab/NetBeansProjects/ex no 7/web took: 159 ms (New or modified files: 0, Deleted files: 0) [Adding listeners took: 1 ms]
INFO [org.netbeans.modules.parsing.impl.indexing.RepositoryUpdater]: Indexing of: /home/itlab/NetBeansProjects/NEW/src/java took: 95 ms (New or modified files: 0, Deleted files: 0) [Adding listeners took: 0 ms]
INFO [org.netbeans.modules.parsing.impl.indexing.RepositoryUpdater]: Indexing of: /home/itlab/NetBeansProjects/WebApplication1/test took: 166 ms (New or modified files: 0, Deleted files: 0) [Adding listeners took: 0 ms]
INFO [org.netbeans.modules.parsing.impl.indexing.RepositoryUpdater]: Complete indexing of 15 source roots took: 4,976 ms (New or modified files: 0, Deleted files: 0) [Adding listeners took: 2 ms]
INFO [org.netbeans.ui.indexing]: Indexing finished, indexing took 23,109 ms.
WARNING [org.netbeans.modules.versioning.util.Utils]: associateEncoding() no file object available for /tmp/vcs-1665734584176/vcs-1665734604538/build.xml

INFO [org.netbeans.modules.autoupdate.updateprovider.DownloadListener]: Reading URL https://netbeans.apache.org/nb/updates/15/updates.xml.gz?unique=026c9cabe-a0c4-4e24-98ec-caa60bf47d25_eef45476-d0b2-4e0b-b48e-257632549dff failed (java.net.ConnectException: Network is unreachable (connect failed))
INFO [org.netbeans.modules.autoupdate.updateprovider.DownloadListener]: Reading URL https://netbeans.apache.org/nb/plugins/15/catalog.xml.gz failed (java.net.ConnectException: Network is unreachable (connect failed))
INFO [org.netbeans.modules.autoupdate.ui.actions.AutoupdateCheckScheduler]
java.net.ConnectException: Network is unreachable (connect failed)
	at java.base/java.net.PlainSocketImpl.socketConnect(Native Method)
	at java.base/java.net.AbstractPlainSocketImpl.doConnect(AbstractPlainSocketImpl.java:412)
	at java.base/java.net.AbstractPlainSocketImpl.connectToAddress(AbstractPlainSocketImpl.java:255)
	at java.base/java.net.AbstractPlainSocketImpl.connect(AbstractPlainSocketImpl.java:237)
	at java.base/java.net.SocksSocketImpl.connect(SocksSocketImpl.java:392)
	at java.base/java.net.Socket.connect(Socket.java:609)
	at java.base/sun.security.ssl.SSLSocketImpl.connect(SSLSocketImpl.java:305)
	at java.base/sun.net.NetworkClient.doConnect(NetworkClient.java:177)
	at java.base/sun.net.www.http.HttpClient.openServer(HttpClient.java:508)
	at java.base/sun.net.www.http.HttpClient.openServer(HttpClient.java:603)
	at java.base/sun.net.www.protocol.https.HttpsClient.<init>(HttpsClient.java:266)
	at java.base/sun.net.www.protocol.https.HttpsClient.New(HttpsClient.java:373)
	at java.base/sun.net.www.protocol.https.AbstractDelegateHttpsURLConnection.getNewHttpClient(AbstractDelegateHttpsURLConnection.java:207)
	at java.base/sun.net.www.protocol.http.HttpURLConnection.plainConnect0(HttpURLConnection.java:1187)
	at java.base/sun.net.www.protocol.http.HttpURLConnection$6.run(HttpURLConnection.java:1071)
	at java.base/sun.net.www.protocol.http.HttpURLConnection$6.run(HttpURLConnection.java:1069)
	at java.base/java.security.AccessController.doPrivileged(Native Method)
	at java.base/java.security.AccessController.doPrivilegedWithCombiner(AccessController.java:795)
	at java.base/sun.net.www.protocol.http.HttpURLConnection.plainConnect(HttpURLConnection.java:1068)
	at java.base/sun.net.www.protocol.https.AbstractDelegateHttpsURLConnection.connect(AbstractDelegateHttpsURLConnection.java:193)
	at java.base/sun.net.www.protocol.https.HttpsURLConnectionImpl.connect(HttpsURLConnectionImpl.java:168)
	at org.netbeans.modules.autoupdate.updateprovider.NetworkAccess$Task.checkRedirect(NetworkAccess.java:180)
	at org.netbeans.modules.autoupdate.updateprovider.NetworkAccess$Task.access$800(NetworkAccess.java:60)
	at org.netbeans.modules.autoupdate.updateprovider.NetworkAccess$Task$2.call(NetworkAccess.java:148)
	at org.netbeans.modules.autoupdate.updateprovider.NetworkAccess$Task$2.call(NetworkAccess.java:130)
	at java.base/java.util.concurrent.FutureTask.run(FutureTask.java:264)
	at java.base/java.util.concurrent.ThreadPoolExecutor.runWorker(ThreadPoolExecutor.java:1128)
	at java.base/java.util.concurrent.ThreadPoolExecutor$Worker.run(ThreadPoolExecutor.java:628)
	at java.base/java.lang.Thread.run(Thread.java:829)
Caused: java.io.IOException: Network is unreachable (connect failed)
	at org.netbeans.modules.autoupdate.updateprovider.DownloadListener.notifyException(DownloadListener.java:78)
	at org.netbeans.modules.autoupdate.updateprovider.AutoupdateCatalogCache.copy(AutoupdateCatalogCache.java:221)
	at org.netbeans.modules.autoupdate.updateprovider.AutoupdateCatalogCache.writeCatalogToCache(AutoupdateCatalogCache.java:74)
	at org.netbeans.modules.autoupdate.updateprovider.AutoupdateCatalogProvider.refresh(AutoupdateCatalogProvider.java:134)
	at org.netbeans.modules.autoupdate.services.UpdateUnitProviderImpl.refresh(UpdateUnitProviderImpl.java:165)
	at org.netbeans.api.autoupdate.UpdateUnitProvider.refresh(UpdateUnitProvider.java:171)
[catch] at org.netbeans.modules.autoupdate.ui.actions.AutoupdateCheckScheduler$4.run(AutoupdateCheckScheduler.java:130)
	at org.openide.util.RequestProcessor$Task.run(RequestProcessor.java:1418)
	at org.netbeans.modules.openide.util.GlobalLookup.execute(GlobalLookup.java:45)
	at org.openide.util.lookup.Lookups.executeWith(Lookups.java:278)
	at org.openide.util.RequestProcessor$Processor.run(RequestProcessor.java:2033)
INFO [null]: Last record repeated again.
WARNING [org.netbeans.modules.versioning.util.Utils]: associateEncoding() no file object available for /tmp/vcs-1665734584176/vcs-1665735156280/build.xml
WARNING [org.netbeans.modules.versioning.util.Utils]: associateEncoding() no file object available for /tmp/vcs-1665734584176/vcs-1665735239503/build.xml
WARNING [org.netbeans.modules.versioning.util.Utils]: associateEncoding() no file object available for /tmp/vcs-1665734584176/vcs-1665735251137/build.xml
WARNING [org.netbeans.modules.versioning.util.Utils]: associateEncoding() no file object available for /tmp/vcs-1665734584176/vcs-1665735251888/build.xml
WARNING [org.netbeans.modules.versioning.util.Utils]: associateEncoding() no file object available for /tmp/vcs-1665734584176/vcs-1665735285121/build.xml
WARNING [org.netbeans.modules.versioning.util.Utils]: associateEncoding() no file object available for /tmp/vcs-1665734584176/vcs-1665735286959/build.xml
WARNING [org.netbeans.modules.versioning.util.Utils]: associateEncoding() no file object available for /tmp/vcs-1665734584176/vcs-1665735297502/build.xml
INFO [org.netbeans.ui.indexing]: Indexing started, time from last indexing 9,600,485 ms.
INFO [org.netbeans.ui.indexing]: Indexing finished, indexing took 61 ms.
WARNING [org.netbeans.TopSecurityManager]: use of system property netbeans.user has been obsoleted in favor of InstalledFileLocator/Places at org.netbeans.modules.websvc.saas.model.SaasServicesModel.<clinit>(SaasServicesModel.java:46)
INFO [org.netbeans.modules.tomcat5.deploy.TomcatManager]: TomEE version null, type null
INFO [null]: Last record repeated 16 times in total.
INFO [org.apache.lucene.search.MultiTermQuery_patched]: patched MultiTermQuery.hashCode() initialized. (LUCENE-10431)
WARNING [org.netbeans.modules.masterfs.watcher.Watcher]: Cannot add filesystem watch for /home/itlab/NetBeansProjects/SessionServlet/nbproject/private: java.io.IOException: java.nio.file.ClosedWatchServiceException
WARNING [org.netbeans.modules.masterfs.watcher.Watcher]: Cannot add filesystem watch for /home/itlab/NetBeansProjects/SessionServlet/nbproject/private: java.io.IOException: java.nio.file.ClosedWatchServiceException
INFO [org.netbeans.modules.masterfs.watcher.Watcher]: Cannot add filesystem watch for /home/itlab/NetBeansProjects/SessionServlet/nbproject/private: java.io.IOException: java.nio.file.ClosedWatchServiceException
INFO [org.netbeans.modules.tomcat5.deploy.TomcatManager]: TomEE version null, type null
INFO [null]: Last record repeated 3 more times.
INFO [org.netbeans.core.netigso.Netigso]: bundle org.eclipse.osgi@3.9.1.v20140110-1610 256
INFO [org.netbeans.core.netigso.Netigso]: bundle org.eclipse.osgi@3.9.1.v20140110-1610 stopped
INFO [null]: Last record repeated again.
